c:\users\rajit\source\repos\nmap\libnetutil\debug\libnetutil.pdb
c:\users\rajit\source\repos\nmap\libnetutil\debug\libnetutil.idb
c:\users\rajit\source\repos\nmap\libnetutil\debug\arpheader.obj
c:\users\rajit\source\repos\nmap\libnetutil\debug\destoptsheader.obj
c:\users\rajit\source\repos\nmap\libnetutil\debug\ethernetheader.obj
c:\users\rajit\source\repos\nmap\libnetutil\debug\fragmentheader.obj
c:\users\rajit\source\repos\nmap\libnetutil\debug\hopbyhopheader.obj
c:\users\rajit\source\repos\nmap\libnetutil\debug\icmpv4header.obj
c:\users\rajit\source\repos\nmap\libnetutil\debug\icmpv6header.obj
c:\users\rajit\source\repos\nmap\libnetutil\debug\icmpv6option.obj
c:\users\rajit\source\repos\nmap\libnetutil\debug\icmpv6rrbody.obj
c:\users\rajit\source\repos\nmap\libnetutil\debug\ipv4header.obj
c:\users\rajit\source\repos\nmap\libnetutil\debug\ipv6header.obj
c:\users\rajit\source\repos\nmap\libnetutil\debug\netutil.obj
c:\users\rajit\source\repos\nmap\libnetutil\debug\networklayerelement.obj
c:\users\rajit\source\repos\nmap\libnetutil\debug\packetelement.obj
c:\users\rajit\source\repos\nmap\libnetutil\debug\packetparser.obj
c:\users\rajit\source\repos\nmap\libnetutil\debug\rawdata.obj
c:\users\rajit\source\repos\nmap\libnetutil\debug\routingheader.obj
c:\users\rajit\source\repos\nmap\libnetutil\debug\tcpheader.obj
c:\users\rajit\source\repos\nmap\libnetutil\debug\transportlayerelement.obj
c:\users\rajit\source\repos\nmap\libnetutil\debug\udpheader.obj
c:\users\rajit\source\repos\nmap\libnetutil\libnetutil.lib
c:\users\rajit\source\repos\nmap\libnetutil\debug\.\libnetutil.pdb
c:\users\rajit\source\repos\nmap\libnetutil\.\libnetutil.lib
c:\users\rajit\source\repos\nmap\libnetutil\debug\libnetutil.tlog\cl.command.1.tlog
c:\users\rajit\source\repos\nmap\libnetutil\debug\libnetutil.tlog\cl.read.1.tlog
c:\users\rajit\source\repos\nmap\libnetutil\debug\libnetutil.tlog\cl.write.1.tlog
c:\users\rajit\source\repos\nmap\libnetutil\debug\libnetutil.tlog\lib-link.read.1.tlog
c:\users\rajit\source\repos\nmap\libnetutil\debug\libnetutil.tlog\lib-link.write.1.tlog
c:\users\rajit\source\repos\nmap\libnetutil\debug\libnetutil.tlog\lib.command.1.tlog
