c:\users\boom\desktop\nmap-diff\nmap-7.40 - copy-tampered - copy\libz\contrib\vstudio\vc11\release_lib\vc120.pdb
c:\users\boom\desktop\nmap-diff\nmap-7.40 - copy-tampered - copy\libz\contrib\vstudio\vc11\release_lib\tmp\zutil.obj
c:\users\boom\desktop\nmap-diff\nmap-7.40 - copy-tampered - copy\libz\contrib\vstudio\vc11\release_lib\tmp\uncompr.obj
c:\users\boom\desktop\nmap-diff\nmap-7.40 - copy-tampered - copy\libz\contrib\vstudio\vc11\release_lib\tmp\trees.obj
c:\users\boom\desktop\nmap-diff\nmap-7.40 - copy-tampered - copy\libz\contrib\vstudio\vc11\release_lib\tmp\iowin32.obj
c:\users\boom\desktop\nmap-diff\nmap-7.40 - copy-tampered - copy\libz\contrib\vstudio\vc11\release_lib\tmp\ioapi.obj
c:\users\boom\desktop\nmap-diff\nmap-7.40 - copy-tampered - copy\libz\contrib\vstudio\vc11\release_lib\tmp\inftrees.obj
c:\users\boom\desktop\nmap-diff\nmap-7.40 - copy-tampered - copy\libz\contrib\vstudio\vc11\release_lib\tmp\inflate.obj
c:\users\boom\desktop\nmap-diff\nmap-7.40 - copy-tampered - copy\libz\contrib\vstudio\vc11\release_lib\tmp\inffast.obj
c:\users\boom\desktop\nmap-diff\nmap-7.40 - copy-tampered - copy\libz\contrib\vstudio\vc11\release_lib\tmp\infback.obj
c:\users\boom\desktop\nmap-diff\nmap-7.40 - copy-tampered - copy\libz\contrib\vstudio\vc11\release_lib\tmp\gzwrite.obj
c:\users\boom\desktop\nmap-diff\nmap-7.40 - copy-tampered - copy\libz\contrib\vstudio\vc11\release_lib\tmp\gzread.obj
c:\users\boom\desktop\nmap-diff\nmap-7.40 - copy-tampered - copy\libz\contrib\vstudio\vc11\release_lib\tmp\gzlib.obj
c:\users\boom\desktop\nmap-diff\nmap-7.40 - copy-tampered - copy\libz\contrib\vstudio\vc11\release_lib\tmp\gzclose.obj
c:\users\boom\desktop\nmap-diff\nmap-7.40 - copy-tampered - copy\libz\contrib\vstudio\vc11\release_lib\tmp\deflate.obj
c:\users\boom\desktop\nmap-diff\nmap-7.40 - copy-tampered - copy\libz\contrib\vstudio\vc11\release_lib\tmp\crc32.obj
c:\users\boom\desktop\nmap-diff\nmap-7.40 - copy-tampered - copy\libz\contrib\vstudio\vc11\release_lib\tmp\compress.obj
c:\users\boom\desktop\nmap-diff\nmap-7.40 - copy-tampered - copy\libz\contrib\vstudio\vc11\release_lib\tmp\adler32.obj
c:\users\boom\desktop\nmap-diff\nmap-7.40 - copy-tampered - copy\libz\contrib\vstudio\vc11\release_lib\tmp\zip.obj
c:\users\boom\desktop\nmap-diff\nmap-7.40 - copy-tampered - copy\libz\contrib\vstudio\vc11\release_lib\tmp\unzip.obj
c:\users\boom\desktop\nmap-diff\nmap-7.40 - copy-tampered - copy\libz\contrib\vstudio\vc11\release_lib\zlib.lib
c:\users\boom\desktop\nmap-diff\nmap-7.40 - copy-tampered - copy\libz\contrib\vstudio\vc11\release_lib\tmp\zlib.res
c:\users\boom\desktop\nmap-diff\nmap-7.40 - copy-tampered - copy\libz\contrib\vstudio\vc11\release_lib\tmp\libz.tlog\cl.command.1.tlog
c:\users\boom\desktop\nmap-diff\nmap-7.40 - copy-tampered - copy\libz\contrib\vstudio\vc11\release_lib\tmp\libz.tlog\cl.read.1.tlog
c:\users\boom\desktop\nmap-diff\nmap-7.40 - copy-tampered - copy\libz\contrib\vstudio\vc11\release_lib\tmp\libz.tlog\cl.write.1.tlog
c:\users\boom\desktop\nmap-diff\nmap-7.40 - copy-tampered - copy\libz\contrib\vstudio\vc11\release_lib\tmp\libz.tlog\lib-link-cvtres.read.1.tlog
c:\users\boom\desktop\nmap-diff\nmap-7.40 - copy-tampered - copy\libz\contrib\vstudio\vc11\release_lib\tmp\libz.tlog\lib-link-cvtres.write.1.tlog
c:\users\boom\desktop\nmap-diff\nmap-7.40 - copy-tampered - copy\libz\contrib\vstudio\vc11\release_lib\tmp\libz.tlog\lib.command.1.tlog
c:\users\boom\desktop\nmap-diff\nmap-7.40 - copy-tampered - copy\libz\contrib\vstudio\vc11\release_lib\tmp\libz.tlog\rc.command.1.tlog
c:\users\boom\desktop\nmap-diff\nmap-7.40 - copy-tampered - copy\libz\contrib\vstudio\vc11\release_lib\tmp\libz.tlog\rc.read.1.tlog
c:\users\boom\desktop\nmap-diff\nmap-7.40 - copy-tampered - copy\libz\contrib\vstudio\vc11\release_lib\tmp\libz.tlog\rc.write.1.tlog
