c:\users\rajit\source\repos\nmap\liblua\debug\liblua.pdb
c:\users\rajit\source\repos\nmap\liblua\debug\liblua.idb
c:\users\rajit\source\repos\nmap\liblua\debug\lgc.obj
c:\users\rajit\source\repos\nmap\liblua\debug\linit.obj
c:\users\rajit\source\repos\nmap\liblua\debug\liolib.obj
c:\users\rajit\source\repos\nmap\liblua\debug\llex.obj
c:\users\rajit\source\repos\nmap\liblua\debug\lmathlib.obj
c:\users\rajit\source\repos\nmap\liblua\debug\lmem.obj
c:\users\rajit\source\repos\nmap\liblua\debug\loadlib.obj
c:\users\rajit\source\repos\nmap\liblua\debug\lobject.obj
c:\users\rajit\source\repos\nmap\liblua\debug\lopcodes.obj
c:\users\rajit\source\repos\nmap\liblua\debug\loslib.obj
c:\users\rajit\source\repos\nmap\liblua\debug\lparser.obj
c:\users\rajit\source\repos\nmap\liblua\debug\lstate.obj
c:\users\rajit\source\repos\nmap\liblua\debug\lstring.obj
c:\users\rajit\source\repos\nmap\liblua\debug\lstrlib.obj
c:\users\rajit\source\repos\nmap\liblua\debug\ltable.obj
c:\users\rajit\source\repos\nmap\liblua\debug\ltablib.obj
c:\users\rajit\source\repos\nmap\liblua\debug\ltm.obj
c:\users\rajit\source\repos\nmap\liblua\debug\lundump.obj
c:\users\rajit\source\repos\nmap\liblua\debug\lvm.obj
c:\users\rajit\source\repos\nmap\liblua\debug\lzio.obj
c:\users\rajit\source\repos\nmap\liblua\debug\lapi.obj
c:\users\rajit\source\repos\nmap\liblua\debug\lauxlib.obj
c:\users\rajit\source\repos\nmap\liblua\debug\lbaselib.obj
c:\users\rajit\source\repos\nmap\liblua\debug\lbitlib.obj
c:\users\rajit\source\repos\nmap\liblua\debug\lcode.obj
c:\users\rajit\source\repos\nmap\liblua\debug\lcorolib.obj
c:\users\rajit\source\repos\nmap\liblua\debug\lctype.obj
c:\users\rajit\source\repos\nmap\liblua\debug\ldblib.obj
c:\users\rajit\source\repos\nmap\liblua\debug\ldebug.obj
c:\users\rajit\source\repos\nmap\liblua\debug\ldo.obj
c:\users\rajit\source\repos\nmap\liblua\debug\ldump.obj
c:\users\rajit\source\repos\nmap\liblua\debug\lfunc.obj
c:\users\rajit\source\repos\nmap\liblua\liblua.lib
c:\users\rajit\source\repos\nmap\liblua\debug\.\liblua.pdb
c:\users\rajit\source\repos\nmap\liblua\.\liblua.lib
c:\users\rajit\source\repos\nmap\liblua\debug\liblua.tlog\cl.command.1.tlog
c:\users\rajit\source\repos\nmap\liblua\debug\liblua.tlog\cl.read.1.tlog
c:\users\rajit\source\repos\nmap\liblua\debug\liblua.tlog\cl.write.1.tlog
c:\users\rajit\source\repos\nmap\liblua\debug\liblua.tlog\lib-link.read.1.tlog
c:\users\rajit\source\repos\nmap\liblua\debug\liblua.tlog\lib-link.write.1.tlog
c:\users\rajit\source\repos\nmap\liblua\debug\liblua.tlog\lib.command.1.tlog
