c:\users\rajit\source\repos\nmap\nping\debug\vc140.pdb
c:\users\rajit\source\repos\nmap\nping\debug\vc140.idb
c:\users\rajit\source\repos\nmap\nping\debug\winfix.obj
c:\users\rajit\source\repos\nmap\nping\debug\utils_net.obj
c:\users\rajit\source\repos\nmap\nping\debug\utils.obj
c:\users\rajit\source\repos\nmap\nping\debug\stats.obj
c:\users\rajit\source\repos\nmap\nping\debug\probemode.obj
c:\users\rajit\source\repos\nmap\nping\debug\output.obj
c:\users\rajit\source\repos\nmap\nping\debug\npingtargets.obj
c:\users\rajit\source\repos\nmap\nping\debug\npingtarget.obj
c:\users\rajit\source\repos\nmap\nping\debug\npingops.obj
c:\users\rajit\source\repos\nmap\nping\debug\nping.obj
c:\users\rajit\source\repos\nmap\nping\debug\nepcontext.obj
c:\users\rajit\source\repos\nmap\nping\debug\echoserver.obj
c:\users\rajit\source\repos\nmap\nping\debug\echoheader.obj
c:\users\rajit\source\repos\nmap\nping\debug\echoclient.obj
c:\users\rajit\source\repos\nmap\nping\debug\crypto.obj
c:\users\rajit\source\repos\nmap\nping\debug\common_modified.obj
c:\users\rajit\source\repos\nmap\nping\debug\common.obj
c:\users\rajit\source\repos\nmap\nping\debug\argparser.obj
c:\users\rajit\source\repos\nmap\nping\debug\nping.tlog\cl.command.1.tlog
c:\users\rajit\source\repos\nmap\nping\debug\nping.tlog\cl.read.1.tlog
c:\users\rajit\source\repos\nmap\nping\debug\nping.tlog\cl.write.1.tlog
c:\users\rajit\source\repos\nmap\nping\debug\nping.tlog\link.command.1.tlog
c:\users\rajit\source\repos\nmap\nping\debug\nping.tlog\link.read.1.tlog
c:\users\rajit\source\repos\nmap\nping\debug\nping.tlog\link.write.1.tlog
