  ArgParser.cc
  common.cc
  common_modified.cc
  Crypto.cc
  EchoClient.cc
  EchoHeader.cc
  EchoServer.cc
c:\users\rajit\source\repos\nmap\nping\echoserver.cc(403): warning C4305: '+=': truncation from 'double' to 'float'
c:\users\rajit\source\repos\nmap\nping\echoserver.cc(444): warning C4305: '+=': truncation from 'double' to 'float'
  NEPContext.cc
  nping.cc
  NpingOps.cc
  NpingTarget.cc
  NpingTargets.cc
  output.cc
  ProbeMode.cc
  stats.cc
  utils.cc
  utils_net.cc
  winfix.cc
  Generating Code...
ArgParser.obj : warning LNK4075: ignoring '/EDITANDCONTINUE' due to '/SAFESEH' specification
LINK : warning LNK4199: /DELAYLOAD:libeay32.lib ignored; no imports found from libeay32.lib
  nping.vcxproj -> C:\Users\rajit\Source\Repos\nmap\nping\.\Debug\nping.exe
  ..\..\nmap-mswin32-aux\OpenSSL\bin\libeay32.dll
  ..\..\nmap-mswin32-aux\OpenSSL\bin\ssleay32.dll
  2 File(s) copied
