This file contains any messages produced by compilers while
running configure, to aid debugging if configure makes a mistake.

It was created by configure, which was
generated by GNU Autoconf 2.60.  Invocation command line was

  $ ./configure --prefix=/usr/local --cache-file=/dev/null --srcdir=.

## --------- ##
## Platform. ##
## --------- ##

hostname = Platon.local
uname -m = Power Macintosh
uname -r = 9.1.0
uname -s = Darwin
uname -v = Darwin Kernel Version 9.1.0: Wed Oct 31 17:48:21 PDT 2007; root:xnu-1228.0.2~1/RELEASE_PPC

/usr/bin/uname -p = powerpc
/bin/uname -X     = unknown

/bin/arch              = unknown
/usr/bin/arch -k       = unknown
/usr/convex/getsysinfo = unknown
/usr/bin/hostinfo      = Mach kernel version:
	 Darwin Kernel Version 9.1.0: Wed Oct 31 17:48:21 PDT 2007; root:xnu-1228.0.2~1/RELEASE_PPC
Kernel configured for a single processor only.
1 processor is physically available.
1 processor is logically available.
Processor type: ppc7450 (PowerPC 7450)
Processor active: 0
Primary memory available: 1.25 gigabytes
Default processor set: 80 tasks, 276 threads, 1 processors
Load average: 1.27, Mach factor: 0.05
/bin/machine           = unknown
/usr/bin/oslevel       = unknown
/bin/universe          = unknown

PATH: ~/groovy-1.0/bin
PATH: /usr/local/arm/bin
PATH: /usr/local/mysql/bin
PATH: /usr/local/bin
PATH: /sw/bin
PATH: /sw/sbin
PATH: /usr/bin
PATH: /bin
PATH: /usr/sbin
PATH: /sbin
PATH: /usr/local/bin
PATH: /usr/X11/bin
PATH: /usr/X11R6/bin
PATH: /Users/diman/bin
PATH: /Applications/eclipse-system_5.7_35/ppc_macosx
PATH: /usr/local/teTeX/bin/powerpc-apple-darwin-current
PATH: /opt/local/bin
PATH: /Users/diman/SoC/scratch/diman/nmap/scripts/
PATH: /Users/diman/src/maven-2.0.6/bin


## ----------- ##
## Core tests. ##
## ----------- ##

configure:1914: checking for gcc
configure:1930: found /usr/bin/gcc
configure:1941: result: gcc
configure:2179: checking for C compiler version
configure:2186: gcc --version >&5
powerpc-apple-darwin9-gcc-4.0.1 (GCC) 4.0.1 (Apple Inc. build 5465)
Copyright (C) 2005 Free Software Foundation, Inc.
This is free software; see the source for copying conditions.  There is NO
warranty; not even for MERCHANTABILITY or FITNESS FOR A PARTICULAR PURPOSE.

configure:2189: $? = 0
configure:2196: gcc -v >&5
Using built-in specs.
Target: powerpc-apple-darwin9
Configured with: /var/tmp/gcc/gcc-5465~16/src/configure --disable-checking -enable-werror --prefix=/usr --mandir=/share/man --enable-languages=c,objc,c++,obj-c++ --program-transform-name=/^[cg][^.-]*$/s/$/-4.0/ --with-gxx-include-dir=/include/c++/4.0.0 --with-slibdir=/usr/lib --build=i686-apple-darwin9 --program-prefix= --host=powerpc-apple-darwin9 --target=powerpc-apple-darwin9
Thread model: posix
gcc version 4.0.1 (Apple Inc. build 5465)
configure:2199: $? = 0
configure:2206: gcc -V >&5
gcc-4.0: argument to `-V' is missing
configure:2209: $? = 1
configure:2232: checking for C compiler default output file name
configure:2259: gcc    conftest.c  >&5
configure:2262: $? = 0
configure:2308: result: a.out
configure:2313: checking whether the C compiler works
configure:2323: ./a.out
configure:2326: $? = 0
configure:2343: result: yes
configure:2350: checking whether we are cross compiling
configure:2352: result: no
configure:2355: checking for suffix of executables
configure:2362: gcc -o conftest    conftest.c  >&5
configure:2365: $? = 0
configure:2389: result: 
configure:2395: checking for suffix of object files
configure:2421: gcc -c   conftest.c >&5
configure:2424: $? = 0
configure:2447: result: o
configure:2451: checking whether we are using the GNU C compiler
configure:2480: gcc -c   conftest.c >&5
configure:2486: $? = 0
configure:2493: test -z "$ac_c_werror_flag" || test ! -s conftest.err
configure:2496: $? = 0
configure:2503: test -s conftest.o
configure:2506: $? = 0
configure:2520: result: yes
configure:2525: checking whether gcc accepts -g
configure:2555: gcc -c -g  conftest.c >&5
configure:2561: $? = 0
configure:2568: test -z "$ac_c_werror_flag" || test ! -s conftest.err
configure:2571: $? = 0
configure:2578: test -s conftest.o
configure:2581: $? = 0
configure:2711: result: yes
configure:2728: checking for gcc option to accept ISO C89
configure:2802: gcc  -c -g -O2  conftest.c >&5
configure:2808: $? = 0
configure:2815: test -z "$ac_c_werror_flag" || test ! -s conftest.err
configure:2818: $? = 0
configure:2825: test -s conftest.o
configure:2828: $? = 0
configure:2848: result: none needed
configure:2981: checking build system type
configure:2999: result: powerpc-apple-darwin9.1.0
configure:3021: checking host system type
configure:3036: result: powerpc-apple-darwin9.1.0
configure:3058: checking for a sed that does not truncate output
configure:3114: result: /usr/bin/sed
configure:3117: checking for grep that handles long lines and -e
configure:3191: result: /usr/bin/grep
configure:3196: checking for egrep
configure:3274: result: /usr/bin/grep -E
configure:3290: checking for ld used by gcc
configure:3357: result: /usr/libexec/gcc/powerpc-apple-darwin9/4.0.1/ld
configure:3366: checking if the linker (/usr/libexec/gcc/powerpc-apple-darwin9/4.0.1/ld) is GNU ld
configure:3381: result: no
configure:3386: checking for /usr/libexec/gcc/powerpc-apple-darwin9/4.0.1/ld option to reload object files
configure:3393: result: -r
configure:3411: checking for BSD-compatible nm
configure:3460: result: /usr/bin/nm -p
configure:3464: checking whether ln -s works
configure:3468: result: yes
configure:3475: checking how to recognize dependent libraries
configure:3661: result: pass_all
configure:3918: checking how to run the C preprocessor
configure:3958: gcc -E  conftest.c
configure:3964: $? = 0
configure:4002: gcc -E  conftest.c
conftest.c:8:28: error: ac_nonexistent.h: No such file or directory
configure:4008: $? = 1
configure: failed program was:
| /* confdefs.h.  */
| #define PACKAGE_NAME ""
| #define PACKAGE_TARNAME ""
| #define PACKAGE_VERSION ""
| #define PACKAGE_STRING ""
| #define PACKAGE_BUGREPORT ""
| /* end confdefs.h.  */
| #include <ac_nonexistent.h>
configure:4048: result: gcc -E
configure:4077: gcc -E  conftest.c
configure:4083: $? = 0
configure:4121: gcc -E  conftest.c
conftest.c:8:28: error: ac_nonexistent.h: No such file or directory
configure:4127: $? = 1
configure: failed program was:
| /* confdefs.h.  */
| #define PACKAGE_NAME ""
| #define PACKAGE_TARNAME ""
| #define PACKAGE_VERSION ""
| #define PACKAGE_STRING ""
| #define PACKAGE_BUGREPORT ""
| /* end confdefs.h.  */
| #include <ac_nonexistent.h>
configure:4172: checking for ANSI C header files
configure:4202: gcc -c -g -O2  conftest.c >&5
configure:4208: $? = 0
configure:4215: test -z "$ac_c_werror_flag" || test ! -s conftest.err
configure:4218: $? = 0
configure:4225: test -s conftest.o
configure:4228: $? = 0
configure:4324: gcc -o conftest -g -O2   conftest.c  >&5
configure:4327: $? = 0
configure:4333: ./conftest
configure:4336: $? = 0
configure:4353: result: yes
configure:4377: checking for sys/types.h
configure:4398: gcc -c -g -O2  conftest.c >&5
configure:4404: $? = 0
configure:4411: test -z "$ac_c_werror_flag" || test ! -s conftest.err
configure:4414: $? = 0
configure:4421: test -s conftest.o
configure:4424: $? = 0
configure:4437: result: yes
configure:4377: checking for sys/stat.h
configure:4398: gcc -c -g -O2  conftest.c >&5
configure:4404: $? = 0
configure:4411: test -z "$ac_c_werror_flag" || test ! -s conftest.err
configure:4414: $? = 0
configure:4421: test -s conftest.o
configure:4424: $? = 0
configure:4437: result: yes
configure:4377: checking for stdlib.h
configure:4398: gcc -c -g -O2  conftest.c >&5
configure:4404: $? = 0
configure:4411: test -z "$ac_c_werror_flag" || test ! -s conftest.err
configure:4414: $? = 0
configure:4421: test -s conftest.o
configure:4424: $? = 0
configure:4437: result: yes
configure:4377: checking for string.h
configure:4398: gcc -c -g -O2  conftest.c >&5
configure:4404: $? = 0
configure:4411: test -z "$ac_c_werror_flag" || test ! -s conftest.err
configure:4414: $? = 0
configure:4421: test -s conftest.o
configure:4424: $? = 0
configure:4437: result: yes
configure:4377: checking for memory.h
configure:4398: gcc -c -g -O2  conftest.c >&5
configure:4404: $? = 0
configure:4411: test -z "$ac_c_werror_flag" || test ! -s conftest.err
configure:4414: $? = 0
configure:4421: test -s conftest.o
configure:4424: $? = 0
configure:4437: result: yes
configure:4377: checking for strings.h
configure:4398: gcc -c -g -O2  conftest.c >&5
configure:4404: $? = 0
configure:4411: test -z "$ac_c_werror_flag" || test ! -s conftest.err
configure:4414: $? = 0
configure:4421: test -s conftest.o
configure:4424: $? = 0
configure:4437: result: yes
configure:4377: checking for inttypes.h
configure:4398: gcc -c -g -O2  conftest.c >&5
configure:4404: $? = 0
configure:4411: test -z "$ac_c_werror_flag" || test ! -s conftest.err
configure:4414: $? = 0
configure:4421: test -s conftest.o
configure:4424: $? = 0
configure:4437: result: yes
configure:4377: checking for stdint.h
configure:4398: gcc -c -g -O2  conftest.c >&5
configure:4404: $? = 0
configure:4411: test -z "$ac_c_werror_flag" || test ! -s conftest.err
configure:4414: $? = 0
configure:4421: test -s conftest.o
configure:4424: $? = 0
configure:4437: result: yes
configure:4377: checking for unistd.h
configure:4398: gcc -c -g -O2  conftest.c >&5
configure:4404: $? = 0
configure:4411: test -z "$ac_c_werror_flag" || test ! -s conftest.err
configure:4414: $? = 0
configure:4421: test -s conftest.o
configure:4424: $? = 0
configure:4437: result: yes
configure:4464: checking dlfcn.h usability
configure:4481: gcc -c -g -O2  conftest.c >&5
configure:4487: $? = 0
configure:4494: test -z "$ac_c_werror_flag" || test ! -s conftest.err
configure:4497: $? = 0
configure:4504: test -s conftest.o
configure:4507: $? = 0
configure:4518: result: yes
configure:4522: checking dlfcn.h presence
configure:4537: gcc -E  conftest.c
configure:4543: $? = 0
configure:4564: result: yes
configure:4592: checking for dlfcn.h
configure:4600: result: yes
configure:4671: checking for g++
configure:4687: found /usr/bin/g++
configure:4698: result: g++
configure:4729: checking for C++ compiler version
configure:4736: g++ --version >&5
powerpc-apple-darwin9-g++-4.0.1 (GCC) 4.0.1 (Apple Inc. build 5465)
Copyright (C) 2005 Free Software Foundation, Inc.
This is free software; see the source for copying conditions.  There is NO
warranty; not even for MERCHANTABILITY or FITNESS FOR A PARTICULAR PURPOSE.

configure:4739: $? = 0
configure:4746: g++ -v >&5
Using built-in specs.
Target: powerpc-apple-darwin9
Configured with: /var/tmp/gcc/gcc-5465~16/src/configure --disable-checking -enable-werror --prefix=/usr --mandir=/share/man --enable-languages=c,objc,c++,obj-c++ --program-transform-name=/^[cg][^.-]*$/s/$/-4.0/ --with-gxx-include-dir=/include/c++/4.0.0 --with-slibdir=/usr/lib --build=i686-apple-darwin9 --program-prefix= --host=powerpc-apple-darwin9 --target=powerpc-apple-darwin9
Thread model: posix
gcc version 4.0.1 (Apple Inc. build 5465)
configure:4749: $? = 0
configure:4756: g++ -V >&5
g++-4.0: argument to `-V' is missing
configure:4759: $? = 1
configure:4762: checking whether we are using the GNU C++ compiler
configure:4791: g++ -c   conftest.cpp >&5
configure:4797: $? = 0
configure:4804: test -z "$ac_cxx_werror_flag" || test ! -s conftest.err
configure:4807: $? = 0
configure:4814: test -s conftest.o
configure:4817: $? = 0
configure:4831: result: yes
configure:4836: checking whether g++ accepts -g
configure:4866: g++ -c -g  conftest.cpp >&5
configure:4872: $? = 0
configure:4879: test -z "$ac_cxx_werror_flag" || test ! -s conftest.err
configure:4882: $? = 0
configure:4889: test -s conftest.o
configure:4892: $? = 0
configure:5022: result: yes
configure:5055: checking how to run the C++ preprocessor
configure:5091: g++ -E  conftest.cpp
configure:5097: $? = 0
configure:5135: g++ -E  conftest.cpp
conftest.cpp:19:28: error: ac_nonexistent.h: No such file or directory
configure:5141: $? = 1
configure: failed program was:
| /* confdefs.h.  */
| #define PACKAGE_NAME ""
| #define PACKAGE_TARNAME ""
| #define PACKAGE_VERSION ""
| #define PACKAGE_STRING ""
| #define PACKAGE_BUGREPORT ""
| #define STDC_HEADERS 1
| #define HAVE_SYS_TYPES_H 1
| #define HAVE_SYS_STAT_H 1
| #define HAVE_STDLIB_H 1
| #define HAVE_STRING_H 1
| #define HAVE_MEMORY_H 1
| #define HAVE_STRINGS_H 1
| #define HAVE_INTTYPES_H 1
| #define HAVE_STDINT_H 1
| #define HAVE_UNISTD_H 1
| #define HAVE_DLFCN_H 1
| /* end confdefs.h.  */
| #include <ac_nonexistent.h>
configure:5181: result: g++ -E
configure:5210: g++ -E  conftest.cpp
configure:5216: $? = 0
configure:5254: g++ -E  conftest.cpp
conftest.cpp:19:28: error: ac_nonexistent.h: No such file or directory
configure:5260: $? = 1
configure: failed program was:
| /* confdefs.h.  */
| #define PACKAGE_NAME ""
| #define PACKAGE_TARNAME ""
| #define PACKAGE_VERSION ""
| #define PACKAGE_STRING ""
| #define PACKAGE_BUGREPORT ""
| #define STDC_HEADERS 1
| #define HAVE_SYS_TYPES_H 1
| #define HAVE_SYS_STAT_H 1
| #define HAVE_STDLIB_H 1
| #define HAVE_STRING_H 1
| #define HAVE_MEMORY_H 1
| #define HAVE_STRINGS_H 1
| #define HAVE_INTTYPES_H 1
| #define HAVE_STDINT_H 1
| #define HAVE_UNISTD_H 1
| #define HAVE_DLFCN_H 1
| /* end confdefs.h.  */
| #include <ac_nonexistent.h>
configure:5360: checking for g77
configure:5390: result: no
configure:5360: checking for f77
configure:5390: result: no
configure:5360: checking for xlf
configure:5390: result: no
configure:5360: checking for frt
configure:5390: result: no
configure:5360: checking for pgf77
configure:5390: result: no
configure:5360: checking for cf77
configure:5390: result: no
configure:5360: checking for fort77
configure:5390: result: no
configure:5360: checking for fl32
configure:5390: result: no
configure:5360: checking for af77
configure:5390: result: no
configure:5360: checking for f90
configure:5390: result: no
configure:5360: checking for xlf90
configure:5390: result: no
configure:5360: checking for pgf90
configure:5390: result: no
configure:5360: checking for pghpf
configure:5390: result: no
configure:5360: checking for epcf90
configure:5390: result: no
configure:5360: checking for gfortran
configure:5390: result: no
configure:5360: checking for g95
configure:5390: result: no
configure:5360: checking for f95
configure:5390: result: no
configure:5360: checking for fort
configure:5390: result: no
configure:5360: checking for xlf95
configure:5390: result: no
configure:5360: checking for ifort
configure:5390: result: no
configure:5360: checking for ifc
configure:5390: result: no
configure:5360: checking for efc
configure:5390: result: no
configure:5360: checking for pgf95
configure:5390: result: no
configure:5360: checking for lf95
configure:5390: result: no
configure:5360: checking for ftn
configure:5390: result: no
configure:5417: checking for Fortran 77 compiler version
configure:5424:  --version >&5
./configure: line 5425: --version: command not found
configure:5427: $? = 127
configure:5434:  -v >&5
./configure: line 5435: -v: command not found
configure:5437: $? = 127
configure:5444:  -V >&5
./configure: line 5445: -V: command not found
configure:5447: $? = 127
configure:5455: checking whether we are using the GNU Fortran 77 compiler
configure:5474:  -c  conftest.F >&5
./configure: line 5475: -c: command not found
configure:5480: $? = 127
configure: failed program was:
|       program main
| #ifndef __GNUC__
|        choke me
| #endif
| 
|       end
configure:5514: result: no
configure:5520: checking whether  accepts -g
configure:5537:  -c -g conftest.f >&5
./configure: line 5538: -c: command not found
configure:5543: $? = 127
configure: failed program was:
|       program main
| 
|       end
configure:5576: result: no
configure:5606: checking the maximum length of command line arguments
configure:5718: result: 196608
configure:5730: checking command to parse /usr/bin/nm -p output from gcc object
configure:5835: gcc -c -g -O2  conftest.c >&5
configure:5838: $? = 0
configure:5842: /usr/bin/nm -p conftest.o \| sed -n -e 's/^.*[ 	]\([BCDEGRST][BCDEGRST]*\)[ 	][ 	]*\([_A-Za-z][_A-Za-z0-9]*\)$/\1 \2 \2/p' \> conftest.nm
configure:5845: $? = 0
cannot find nm_test_var in conftest.nm
configure:5835: gcc -c -g -O2  conftest.c >&5
configure:5838: $? = 0
configure:5842: /usr/bin/nm -p conftest.o \| sed -n -e 's/^.*[ 	]\([BCDEGRST][BCDEGRST]*\)[ 	][ 	]*_\([_A-Za-z][_A-Za-z0-9]*\)$/\1 _\2 \2/p' \> conftest.nm
configure:5845: $? = 0
configure:5897: gcc -o conftest -g -O2   conftest.c conftstm.o >&5
configure:5900: $? = 0
configure:5938: result: ok
configure:5942: checking for objdir
configure:5957: result: .libs
configure:6049: checking for ar
configure:6065: found /usr/bin/ar
configure:6076: result: ar
configure:6145: checking for ranlib
configure:6161: found /usr/bin/ranlib
configure:6172: result: ranlib
configure:6241: checking for strip
configure:6257: found /usr/bin/strip
configure:6268: result: strip
configure:6554: checking if gcc supports -fno-rtti -fno-exceptions
configure:6572: gcc -c -g -O2  -fno-rtti -fno-exceptions conftest.c >&5
cc1: warning: command line option "-fno-rtti" is valid for C++/ObjC++ but not for C
configure:6576: $? = 0
configure:6589: result: no
configure:6604: checking for gcc option to produce PIC
configure:6836: result: -fno-common
configure:6844: checking if gcc PIC flag -fno-common works
configure:6862: gcc -c -g -O2  -fno-common -DPIC conftest.c >&5
configure:6866: $? = 0
configure:6879: result: yes
configure:6907: checking if gcc static flag -static works
configure:6935: result: no
configure:6945: checking if gcc supports -c -o file.o
configure:6966: gcc -c -g -O2  -o out/conftest2.o conftest.c >&5
configure:6970: $? = 0
configure:6992: result: yes
configure:7018: checking whether the gcc linker (/usr/libexec/gcc/powerpc-apple-darwin9/4.0.1/ld) supports shared libraries
configure:8030: result: yes
configure:8097: checking dynamic linker characteristics
configure:8699: result: darwin9.1.0 dyld
configure:8708: checking how to hardcode library paths into programs
configure:8733: result: immediate
configure:8747: checking whether stripping libraries is possible
configure:8761: result: yes
configure:8802: checking for dlopen in -ldl
configure:8837: gcc -o conftest -g -O2   conftest.c -ldl   >&5
configure:8843: $? = 0
configure:8850: test -z "$ac_c_werror_flag" || test ! -s conftest.err
configure:8853: $? = 0
configure:8860: test -s conftest
configure:8863: $? = 0
configure:8877: result: yes
configure:9448: checking whether a program can dlopen itself
configure:9522: gcc -o conftest -g -O2  -DHAVE_DLFCN_H   conftest.c -ldl  >&5
configure: In function 'main':
configure:9518: warning: incompatible implicit declaration of built-in function 'exit'
configure:9525: $? = 0
configure:9543: result: yes
configure:9548: checking whether a statically linked program can dlopen itself
configure:9622: gcc -o conftest -g -O2  -DHAVE_DLFCN_H    conftest.c -ldl  >&5
configure: In function 'main':
configure:9618: warning: incompatible implicit declaration of built-in function 'exit'
configure:9625: $? = 0
configure:9643: result: yes
configure:9666: checking if libtool supports shared libraries
configure:9668: result: yes
configure:9671: checking whether to build shared libraries
configure:9692: result: yes
configure:9695: checking whether to build static libraries
configure:9699: result: no
configure:9792: creating libtool
configure:10380: checking for ld used by g++
configure:10447: result: /usr/libexec/gcc/powerpc-apple-darwin9/4.0.1/ld
configure:10456: checking if the linker (/usr/libexec/gcc/powerpc-apple-darwin9/4.0.1/ld) is GNU ld
configure:10471: result: no
configure:10522: checking whether the g++ linker (/usr/libexec/gcc/powerpc-apple-darwin9/4.0.1/ld) supports shared libraries
configure:11528: result: yes
configure:11546: g++ -c -g -O2  conftest.cpp >&5
configure:11549: $? = 0
configure:11701: checking for g++ option to produce PIC
configure:11985: result: -fno-common
configure:11993: checking if g++ PIC flag -fno-common works
configure:12011: g++ -c -g -O2  -fno-common -DPIC conftest.cpp >&5
configure:12015: $? = 0
configure:12028: result: yes
configure:12056: checking if g++ static flag -static works
configure:12084: result: no
configure:12094: checking if g++ supports -c -o file.o
configure:12115: g++ -c -g -O2  -o out/conftest2.o conftest.cpp >&5
configure:12119: $? = 0
configure:12141: result: yes
configure:12167: checking whether the g++ linker (/usr/libexec/gcc/powerpc-apple-darwin9/4.0.1/ld) supports shared libraries
configure:12192: result: yes
configure:12259: checking dynamic linker characteristics
configure:12809: result: darwin9.1.0 dyld
configure:12818: checking how to hardcode library paths into programs
configure:12843: result: immediate
configure:19082: checking host system type
configure:19097: result: powerpc-apple-darwin9.1.0
configure:19131: checking lua.h usability
configure:19148: gcc -c -g -O2  conftest.c >&5
conftest.c:52:17: error: lua.h: No such file or directory
configure:19154: $? = 1
configure: failed program was:
| /* confdefs.h.  */
| #define PACKAGE_NAME ""
| #define PACKAGE_TARNAME ""
| #define PACKAGE_VERSION ""
| #define PACKAGE_STRING ""
| #define PACKAGE_BUGREPORT ""
| #define STDC_HEADERS 1
| #define HAVE_SYS_TYPES_H 1
| #define HAVE_SYS_STAT_H 1
| #define HAVE_STDLIB_H 1
| #define HAVE_STRING_H 1
| #define HAVE_MEMORY_H 1
| #define HAVE_STRINGS_H 1
| #define HAVE_INTTYPES_H 1
| #define HAVE_STDINT_H 1
| #define HAVE_UNISTD_H 1
| #define HAVE_DLFCN_H 1
| /* end confdefs.h.  */
| #include <stdio.h>
| #if HAVE_SYS_TYPES_H
| # include <sys/types.h>
| #endif
| #if HAVE_SYS_STAT_H
| # include <sys/stat.h>
| #endif
| #if STDC_HEADERS
| # include <stdlib.h>
| # include <stddef.h>
| #else
| # if HAVE_STDLIB_H
| #  include <stdlib.h>
| # endif
| #endif
| #if HAVE_STRING_H
| # if !STDC_HEADERS && HAVE_MEMORY_H
| #  include <memory.h>
| # endif
| # include <string.h>
| #endif
| #if HAVE_STRINGS_H
| # include <strings.h>
| #endif
| #if HAVE_INTTYPES_H
| # include <inttypes.h>
| #endif
| #if HAVE_STDINT_H
| # include <stdint.h>
| #endif
| #if HAVE_UNISTD_H
| # include <unistd.h>
| #endif
| #include <lua.h>
configure:19185: result: no
configure:19189: checking lua.h presence
configure:19204: gcc -E  conftest.c
conftest.c:19:17: error: lua.h: No such file or directory
configure:19210: $? = 1
configure: failed program was:
| /* confdefs.h.  */
| #define PACKAGE_NAME ""
| #define PACKAGE_TARNAME ""
| #define PACKAGE_VERSION ""
| #define PACKAGE_STRING ""
| #define PACKAGE_BUGREPORT ""
| #define STDC_HEADERS 1
| #define HAVE_SYS_TYPES_H 1
| #define HAVE_SYS_STAT_H 1
| #define HAVE_STDLIB_H 1
| #define HAVE_STRING_H 1
| #define HAVE_MEMORY_H 1
| #define HAVE_STRINGS_H 1
| #define HAVE_INTTYPES_H 1
| #define HAVE_STDINT_H 1
| #define HAVE_UNISTD_H 1
| #define HAVE_DLFCN_H 1
| /* end confdefs.h.  */
| #include <lua.h>
configure:19231: result: no
configure:19259: checking for lua.h
configure:19266: result: no
configure:19273: using lua-includefiles provided with nmap
configure:19412: creating ./config.status

## ---------------------- ##
## Running config.status. ##
## ---------------------- ##

This file was extended by config.status, which was
generated by GNU Autoconf 2.60.  Invocation command line was

  CONFIG_FILES    = 
  CONFIG_HEADERS  = 
  CONFIG_LINKS    = 
  CONFIG_COMMANDS = 
  $ ./config.status 

on Platon.local

config.status:585: creating Makefile

## ---------------- ##
## Cache variables. ##
## ---------------- ##

ac_cv_build=powerpc-apple-darwin9.1.0
ac_cv_c_compiler_gnu=yes
ac_cv_cxx_compiler_gnu=yes
ac_cv_env_CCC_set=
ac_cv_env_CCC_value=
ac_cv_env_CC_set=
ac_cv_env_CC_value=
ac_cv_env_CFLAGS_set=
ac_cv_env_CFLAGS_value=
ac_cv_env_CPPFLAGS_set=
ac_cv_env_CPPFLAGS_value=
ac_cv_env_CPP_set=
ac_cv_env_CPP_value=
ac_cv_env_CXXCPP_set=
ac_cv_env_CXXCPP_value=
ac_cv_env_CXXFLAGS_set=
ac_cv_env_CXXFLAGS_value=
ac_cv_env_CXX_set=
ac_cv_env_CXX_value=
ac_cv_env_F77_set=
ac_cv_env_F77_value=
ac_cv_env_FFLAGS_set=
ac_cv_env_FFLAGS_value=
ac_cv_env_LDFLAGS_set=
ac_cv_env_LDFLAGS_value=
ac_cv_env_build_alias_set=
ac_cv_env_build_alias_value=
ac_cv_env_host_alias_set=
ac_cv_env_host_alias_value=
ac_cv_env_target_alias_set=
ac_cv_env_target_alias_value=
ac_cv_f77_compiler_gnu=no
ac_cv_header_dlfcn_h=yes
ac_cv_header_inttypes_h=yes
ac_cv_header_lua_h=no
ac_cv_header_memory_h=yes
ac_cv_header_stdc=yes
ac_cv_header_stdint_h=yes
ac_cv_header_stdlib_h=yes
ac_cv_header_string_h=yes
ac_cv_header_strings_h=yes
ac_cv_header_sys_stat_h=yes
ac_cv_header_sys_types_h=yes
ac_cv_header_unistd_h=yes
ac_cv_host=powerpc-apple-darwin9.1.0
ac_cv_lib_dl_dlopen=yes
ac_cv_objext=o
ac_cv_path_EGREP='/usr/bin/grep -E'
ac_cv_path_GREP=/usr/bin/grep
ac_cv_prog_CPP='gcc -E'
ac_cv_prog_CXXCPP='g++ -E'
ac_cv_prog_ac_ct_AR=ar
ac_cv_prog_ac_ct_CC=gcc
ac_cv_prog_ac_ct_CXX=g++
ac_cv_prog_ac_ct_RANLIB=ranlib
ac_cv_prog_ac_ct_STRIP=strip
ac_cv_prog_cc_c89=
ac_cv_prog_cc_g=yes
ac_cv_prog_cxx_g=yes
ac_cv_prog_f77_g=no
lt_cv_deplibs_check_method=pass_all
lt_cv_dlopen=dlopen
lt_cv_dlopen_libs=-ldl
lt_cv_dlopen_self=yes
lt_cv_dlopen_self_static=yes
lt_cv_file_magic_cmd='$MAGIC_CMD'
lt_cv_file_magic_test_file=
lt_cv_ld_reload_flag=-r
lt_cv_objdir=.libs
lt_cv_path_LD=/usr/libexec/gcc/powerpc-apple-darwin9/4.0.1/ld
lt_cv_path_LDCXX=/usr/libexec/gcc/powerpc-apple-darwin9/4.0.1/ld
lt_cv_path_NM='/usr/bin/nm -p'
lt_cv_path_SED=/usr/bin/sed
lt_cv_prog_compiler_c_o=yes
lt_cv_prog_compiler_c_o_CXX=yes
lt_cv_prog_compiler_rtti_exceptions=no
lt_cv_prog_gnu_ld=no
lt_cv_prog_gnu_ldcxx=no
lt_cv_sys_global_symbol_pipe='sed -n -e '\''s/^.*[ 	]\([BCDEGRST][BCDEGRST]*\)[ 	][ 	]*_\([_A-Za-z][_A-Za-z0-9]*\)$/\1 _\2 \2/p'\'''
lt_cv_sys_global_symbol_to_c_name_address='sed -n -e '\''s/^: \([^ ]*\) $/  {\"\1\", (lt_ptr) 0},/p'\'' -e '\''s/^[BCDEGRST] \([^ ]*\) \([^ ]*\)$/  {"\2", (lt_ptr) \&\2},/p'\'''
lt_cv_sys_global_symbol_to_cdecl='sed -n -e '\''s/^. .* \(.*\)$/extern int \1;/p'\'''
lt_cv_sys_max_cmd_len=196608
lt_lt_cv_prog_compiler_c_o='"yes"'
lt_lt_cv_prog_compiler_c_o_CXX='"yes"'
lt_lt_cv_sys_global_symbol_pipe='"sed -n -e '\''s/^.*[ 	]\\([BCDEGRST][BCDEGRST]*\\)[ 	][ 	]*_\\([_A-Za-z][_A-Za-z0-9]*\\)\$/\\1 _\\2 \\2/p'\''"'
lt_lt_cv_sys_global_symbol_to_c_name_address='"sed -n -e '\''s/^: \\([^ ]*\\) \$/  {\\\"\\1\\\", (lt_ptr) 0},/p'\'' -e '\''s/^[BCDEGRST] \\([^ ]*\\) \\([^ ]*\\)\$/  {\"\\2\", (lt_ptr) \\&\\2},/p'\''"'
lt_lt_cv_sys_global_symbol_to_cdecl='"sed -n -e '\''s/^. .* \\(.*\\)\$/extern int \\1;/p'\''"'

## ----------------- ##
## Output variables. ##
## ----------------- ##

AR='ar'
CC='gcc'
CFLAGS='-g -O2'
CPP='gcc -E'
CPPFLAGS=''
CXX='g++'
CXXCPP='g++ -E'
CXXFLAGS='-g -O2'
DEFS='-DPACKAGE_NAME=\"\" -DPACKAGE_TARNAME=\"\" -DPACKAGE_VERSION=\"\" -DPACKAGE_STRING=\"\" -DPACKAGE_BUGREPORT=\"\" -DSTDC_HEADERS=1 -DHAVE_SYS_TYPES_H=1 -DHAVE_SYS_STAT_H=1 -DHAVE_STDLIB_H=1 -DHAVE_STRING_H=1 -DHAVE_MEMORY_H=1 -DHAVE_STRINGS_H=1 -DHAVE_INTTYPES_H=1 -DHAVE_STDINT_H=1 -DHAVE_UNISTD_H=1 -DHAVE_DLFCN_H=1'
ECHO='echo'
ECHO_C=''
ECHO_N='-n'
ECHO_T=''
EGREP='/usr/bin/grep -E'
EXEEXT=''
F77=''
FFLAGS=''
GREP='/usr/bin/grep'
LDFLAGS=''
LIBOBJS=''
LIBS=''
LIBTOOL='$(SHELL) $(top_builddir)/libtool'
LIBTOOL_DEPS='./../ltmain.sh'
LN_S='ln -s'
LTLIBOBJS=''
LUAINCLUDE='-I../liblua/'
OBJEXT='o'
PACKAGE_BUGREPORT=''
PACKAGE_NAME=''
PACKAGE_STRING=''
PACKAGE_TARNAME=''
PACKAGE_VERSION=''
PATH_SEPARATOR=':'
RANLIB='ranlib'
SED='/usr/bin/sed'
SHELL='/bin/sh'
STRIP='strip'
ac_ct_CC='gcc'
ac_ct_CXX='g++'
ac_ct_F77=''
bindir='${exec_prefix}/bin'
build='powerpc-apple-darwin9.1.0'
build_alias=''
build_cpu='powerpc'
build_os='darwin9.1.0'
build_vendor='apple'
datadir='${datarootdir}'
datarootdir='${prefix}/share'
docdir='${datarootdir}/doc/${PACKAGE}'
dvidir='${docdir}'
exec_prefix='${prefix}'
host='powerpc-apple-darwin9.1.0'
host_alias=''
host_cpu='powerpc'
host_os='darwin9.1.0'
host_vendor='apple'
htmldir='${docdir}'
includedir='${prefix}/include'
infodir='${datarootdir}/info'
libdir='${exec_prefix}/lib'
libexecdir='${exec_prefix}/libexec'
localedir='${datarootdir}/locale'
localstatedir='${prefix}/var'
mandir='${datarootdir}/man'
oldincludedir='/usr/include'
pdfdir='${docdir}'
prefix='/usr/local'
program_transform_name='s,x,x,'
psdir='${docdir}'
sbindir='${exec_prefix}/sbin'
sharedstatedir='${prefix}/com'
sysconfdir='${prefix}/etc'
target_alias=''

## ----------- ##
## confdefs.h. ##
## ----------- ##

#define PACKAGE_NAME ""
#define PACKAGE_TARNAME ""
#define PACKAGE_VERSION ""
#define PACKAGE_STRING ""
#define PACKAGE_BUGREPORT ""
#define STDC_HEADERS 1
#define HAVE_SYS_TYPES_H 1
#define HAVE_SYS_STAT_H 1
#define HAVE_STDLIB_H 1
#define HAVE_STRING_H 1
#define HAVE_MEMORY_H 1
#define HAVE_STRINGS_H 1
#define HAVE_INTTYPES_H 1
#define HAVE_STDINT_H 1
#define HAVE_UNISTD_H 1
#define HAVE_DLFCN_H 1

configure: exit 0
