****************************************************************************************
* Taken from https://github.com/lightos/Panoptic/blob/master/cases.xml
* Copyright (c) 2013-2015 Roberto Christopher Salgado Bjerre, Miroslav Stampar.
*
* Permission is hereby granted, free of charge, to any person obtaining a copy
* of this software and associated documentation files (the "Software"),
* to deal in the Software without restriction, including without limitation the
* rights to use, copy, modify, merge, publish, distribute, sublicense, and/or
* sell copies of the Software, and to permit persons to whom the Software is
* furnished to do so, subject to the following conditions:
* 
* The above copyright notice and this permission notice shall be included in all
* copies or substantial portions of the Software.
* 
* THE SOFTWARE IS PROVIDED "AS IS", WITHOUT WARRANTY OF ANY KIND, EXPRESS OR
* IMPLIED, INCLUDING BUT NOT LIMITED TO THE WARRANTIES OF MERCHANTABILITY,
* FITNESS FOR A PARTICULAR PURPOSE AND NONINFRINGEMENT. IN NO EVENT SHALL THE
* AUTHORS OR COPYRIGHT HOLDERS BE LIABLE FOR ANY CLAIM, DAMAGES OR OTHER
* LIABILITY, WHETHER IN AN ACTION OF CONTRACT, TORT OR OTHERWISE, ARISING FROM,
* OUT OF OR IN CONNECTION WITH THE SOFTWARE OR THE USE OR OTHER DEALINGS IN THE
* SOFTWARE.
****************************************************************************************
/Volumes/Macintosh_HD1/usr/local/php/lib/php.ini
/usr/local/mysql/data/mysql.log
/usr/local/mysql/data/mysql.err
/usr/local/mysql/data/mysql-bin.log
/usr/local/mysql/data/mysql-slow.log
/usr/local/mysql/data/mysqlderror.log
/usr/local/mysql/data/{HOST}.err
/usr/local/mysql/data/mysql-bin.index
/etc/osxhttpd/osxhttpd.conf
/System/Library/WebObjects/Adaptors/Apache2.2/apache.conf
/Library/WebServer/Documents/.htaccess
/Library/WebServer/Documents/index.html
/Library/WebServer/Documents/index.htm
/Library/WebServer/Documents/default.html
/Library/WebServer/Documents/default.htm
/Library/WebServer/Documents/index.php
/Library/WebServer/Documents/default.php
/Volumes/Macintosh_HD1/opt/httpd/conf/httpd.conf
/Volumes/Macintosh_HD1/opt/apache/conf/httpd.conf
/Volumes/Macintosh_HD1/opt/apache2/conf/httpd.conf
/Volumes/Macintosh_HD1/usr/local/php/httpd.conf.php
/Volumes/Macintosh_HD1/usr/local/php4/httpd.conf.php
/Volumes/Macintosh_HD1/usr/local/php5/httpd.conf.php
/Volumes/webBackup/opt/apache2/conf/httpd.conf
/Volumes/webBackup/private/etc/httpd/httpd.conf
/Volumes/webBackup/private/etc/httpd/httpd.conf.default
/usr/local/etc/apache/vhosts.conf
