admin
administration
ads
adserver
alerts
alpha
ap
apache
app
apps
appserver
aptest
auth
backup
beta
blog
cdn
chat
citrix
cms
corp
crs
cvs
database
db
demo
dev
devel
development
devsql
devtest
dhcp
direct
dmz
dns
dns0
dns1
dns2
download
en
erp
eshop
exchange
f5
fileserver
firewall
forum
ftp
ftp0
git
gw
help
helpdesk
home
host
http
id
images
info
internal
internet
intra
intranet
ipv6
lab
ldap
linux
local
log
mail
mail2
mail3
mailgate
main
manage
mgmt
mirror
mobile
monitor
mssql
mta
mx
mx0
mx1
mysql
news
noc
ns
ns0
ns1
ns2
ns3
ntp
ops
oracle
owa
pbx
s3
secure
server
shop
sip
smtp
sql
squid
ssh
ssl
stage
stats
svn
syslog
test
test1
test2
testing
upload
vm
vnc
voip
vpn
web
web2test
webftp
whois
wiki
www
www2
xml
