c:\users\rajit\source\repos\nmap\nsock\debug\nsock.pdb
c:\users\rajit\source\repos\nmap\nsock\debug\nsock.idb
c:\users\rajit\source\repos\nmap\nsock\debug\engine_select.obj
c:\users\rajit\source\repos\nmap\nsock\debug\error.obj
c:\users\rajit\source\repos\nmap\nsock\debug\filespace.obj
c:\users\rajit\source\repos\nmap\nsock\debug\gh_heap.obj
c:\users\rajit\source\repos\nmap\nsock\debug\netutils.obj
c:\users\rajit\source\repos\nmap\nsock\debug\nsock_connect.obj
c:\users\rajit\source\repos\nmap\nsock\debug\nsock_core.obj
c:\users\rajit\source\repos\nmap\nsock\debug\nsock_engines.obj
c:\users\rajit\source\repos\nmap\nsock\debug\nsock_event.obj
c:\users\rajit\source\repos\nmap\nsock\debug\nsock_iod.obj
c:\users\rajit\source\repos\nmap\nsock\debug\nsock_log.obj
c:\users\rajit\source\repos\nmap\nsock\debug\nsock_pcap.obj
c:\users\rajit\source\repos\nmap\nsock\debug\nsock_pool.obj
c:\users\rajit\source\repos\nmap\nsock\debug\nsock_proxy.obj
c:\users\rajit\source\repos\nmap\nsock\debug\nsock_read.obj
c:\users\rajit\source\repos\nmap\nsock\debug\nsock_ssl.obj
c:\users\rajit\source\repos\nmap\nsock\debug\nsock_timers.obj
c:\users\rajit\source\repos\nmap\nsock\debug\nsock_write.obj
c:\users\rajit\source\repos\nmap\nsock\debug\proxy_http.obj
c:\users\rajit\source\repos\nmap\nsock\debug\proxy_socks4.obj
c:\users\rajit\source\repos\nmap\nsock\debug\engine_epoll.obj
c:\users\rajit\source\repos\nmap\nsock\debug\engine_kqueue.obj
c:\users\rajit\source\repos\nmap\nsock\debug\engine_poll.obj
c:\users\rajit\source\repos\nmap\nsock\nsock.lib
c:\users\rajit\source\repos\nmap\nsock\debug\.\nsock.pdb
c:\users\rajit\source\repos\nmap\nsock\.\nsock.lib
c:\users\rajit\source\repos\nmap\nsock\debug\nsock.tlog\cl.command.1.tlog
c:\users\rajit\source\repos\nmap\nsock\debug\nsock.tlog\cl.read.1.tlog
c:\users\rajit\source\repos\nmap\nsock\debug\nsock.tlog\cl.write.1.tlog
c:\users\rajit\source\repos\nmap\nsock\debug\nsock.tlog\lib-link.read.1.tlog
c:\users\rajit\source\repos\nmap\nsock\debug\nsock.tlog\lib-link.write.1.tlog
c:\users\rajit\source\repos\nmap\nsock\debug\nsock.tlog\lib.command.1.tlog
