c:\users\rajit\source\repos\nmap\nbase\debug\nbase.pdb
c:\users\rajit\source\repos\nmap\nbase\debug\nbase.idb
c:\users\rajit\source\repos\nmap\nbase\debug\getopt.obj
c:\users\rajit\source\repos\nmap\nbase\debug\inet_ntop.obj
c:\users\rajit\source\repos\nmap\nbase\debug\inet_pton.obj
c:\users\rajit\source\repos\nmap\nbase\debug\nbase_addrset.obj
c:\users\rajit\source\repos\nmap\nbase\debug\nbase_memalloc.obj
c:\users\rajit\source\repos\nmap\nbase\debug\nbase_misc.obj
c:\users\rajit\source\repos\nmap\nbase\debug\nbase_rnd.obj
c:\users\rajit\source\repos\nmap\nbase\debug\nbase_str.obj
c:\users\rajit\source\repos\nmap\nbase\debug\nbase_time.obj
c:\users\rajit\source\repos\nmap\nbase\debug\nbase_winunix.obj
c:\users\rajit\source\repos\nmap\nbase\debug\snprintf.obj
c:\users\rajit\source\repos\nmap\nbase\debug\strcasecmp.obj
c:\users\rajit\source\repos\nmap\nbase\nbase.lib
c:\users\rajit\source\repos\nmap\nbase\debug\.\nbase.pdb
c:\users\rajit\source\repos\nmap\nbase\.\nbase.lib
c:\users\rajit\source\repos\nmap\nbase\debug\nbase.tlog\cl.command.1.tlog
c:\users\rajit\source\repos\nmap\nbase\debug\nbase.tlog\cl.read.1.tlog
c:\users\rajit\source\repos\nmap\nbase\debug\nbase.tlog\cl.write.1.tlog
c:\users\rajit\source\repos\nmap\nbase\debug\nbase.tlog\lib-link.read.1.tlog
c:\users\rajit\source\repos\nmap\nbase\debug\nbase.tlog\lib-link.write.1.tlog
c:\users\rajit\source\repos\nmap\nbase\debug\nbase.tlog\lib.command.1.tlog
