c:\users\rajit\source\repos\nmap\libpcre\debug\libpcre.pdb
c:\users\rajit\source\repos\nmap\libpcre\debug\libpcre.idb
c:\users\rajit\source\repos\nmap\libpcre\debug\pcre_compile.obj
c:\users\rajit\source\repos\nmap\libpcre\debug\pcre_config.obj
c:\users\rajit\source\repos\nmap\libpcre\debug\pcre_dfa_exec.obj
c:\users\rajit\source\repos\nmap\libpcre\debug\pcre_exec.obj
c:\users\rajit\source\repos\nmap\libpcre\debug\pcre_fullinfo.obj
c:\users\rajit\source\repos\nmap\libpcre\debug\pcre_get.obj
c:\users\rajit\source\repos\nmap\libpcre\debug\pcre_globals.obj
c:\users\rajit\source\repos\nmap\libpcre\debug\pcre_info.obj
c:\users\rajit\source\repos\nmap\libpcre\debug\pcre_maketables.obj
c:\users\rajit\source\repos\nmap\libpcre\debug\pcre_newline.obj
c:\users\rajit\source\repos\nmap\libpcre\debug\pcre_ord2utf8.obj
c:\users\rajit\source\repos\nmap\libpcre\debug\pcre_refcount.obj
c:\users\rajit\source\repos\nmap\libpcre\debug\pcre_study.obj
c:\users\rajit\source\repos\nmap\libpcre\debug\pcre_tables.obj
c:\users\rajit\source\repos\nmap\libpcre\debug\pcre_try_flipped.obj
c:\users\rajit\source\repos\nmap\libpcre\debug\pcre_ucp_searchfuncs.obj
c:\users\rajit\source\repos\nmap\libpcre\debug\pcre_valid_utf8.obj
c:\users\rajit\source\repos\nmap\libpcre\debug\pcre_version.obj
c:\users\rajit\source\repos\nmap\libpcre\debug\pcre_xclass.obj
c:\users\rajit\source\repos\nmap\libpcre\debug\pcreposix.obj
c:\users\rajit\source\repos\nmap\libpcre\debug\pcre_chartables.obj
c:\users\rajit\source\repos\nmap\libpcre\libpcre.lib
c:\users\rajit\source\repos\nmap\libpcre\debug\.\libpcre.pdb
c:\users\rajit\source\repos\nmap\libpcre\.\libpcre.lib
c:\users\rajit\source\repos\nmap\libpcre\debug\libpcre.tlog\cl.command.1.tlog
c:\users\rajit\source\repos\nmap\libpcre\debug\libpcre.tlog\cl.read.1.tlog
c:\users\rajit\source\repos\nmap\libpcre\debug\libpcre.tlog\cl.write.1.tlog
c:\users\rajit\source\repos\nmap\libpcre\debug\libpcre.tlog\lib-link.read.1.tlog
c:\users\rajit\source\repos\nmap\libpcre\debug\libpcre.tlog\lib-link.write.1.tlog
c:\users\rajit\source\repos\nmap\libpcre\debug\libpcre.tlog\lib.command.1.tlog
