charpool.obj : warning LNK4075: ignoring '/EDITANDCONTINUE' due to '/SAFESEH' specification
  nmap.vcxproj -> C:\Users\rajit\Source\Repos\nmap\mswin32\.\Debug\nmap.exe
  nmap.vcxproj -> .\Debug/nmap.pdb (Full PDB)
  C:\Users\rajit\Source\Repos\nmap\mswin32\..\scripts\acarsd-info.nse
  C:\Users\rajit\Source\Repos\nmap\mswin32\..\scripts\address-info.nse
  C:\Users\rajit\Source\Repos\nmap\mswin32\..\scripts\afp-brute.nse
  C:\Users\rajit\Source\Repos\nmap\mswin32\..\scripts\afp-ls.nse
  C:\Users\rajit\Source\Repos\nmap\mswin32\..\scripts\afp-path-vuln.nse
  C:\Users\rajit\Source\Repos\nmap\mswin32\..\scripts\afp-serverinfo.nse
  C:\Users\rajit\Source\Repos\nmap\mswin32\..\scripts\afp-showmount.nse
  C:\Users\rajit\Source\Repos\nmap\mswin32\..\scripts\ajp-auth.nse
  C:\Users\rajit\Source\Repos\nmap\mswin32\..\scripts\ajp-brute.nse
  C:\Users\rajit\Source\Repos\nmap\mswin32\..\scripts\ajp-headers.nse
  C:\Users\rajit\Source\Repos\nmap\mswin32\..\scripts\ajp-methods.nse
  C:\Users\rajit\Source\Repos\nmap\mswin32\..\scripts\ajp-request.nse
  C:\Users\rajit\Source\Repos\nmap\mswin32\..\scripts\allseeingeye-info.nse
  C:\Users\rajit\Source\Repos\nmap\mswin32\..\scripts\amqp-info.nse
  C:\Users\rajit\Source\Repos\nmap\mswin32\..\scripts\asn-query.nse
  C:\Users\rajit\Source\Repos\nmap\mswin32\..\scripts\auth-owners.nse
  C:\Users\rajit\Source\Repos\nmap\mswin32\..\scripts\auth-spoof.nse
  C:\Users\rajit\Source\Repos\nmap\mswin32\..\scripts\backorifice-brute.nse
  C:\Users\rajit\Source\Repos\nmap\mswin32\..\scripts\backorifice-info.nse
  C:\Users\rajit\Source\Repos\nmap\mswin32\..\scripts\bacnet-info.nse
  C:\Users\rajit\Source\Repos\nmap\mswin32\..\scripts\banner.nse
  C:\Users\rajit\Source\Repos\nmap\mswin32\..\scripts\bitcoin-getaddr.nse
  C:\Users\rajit\Source\Repos\nmap\mswin32\..\scripts\bitcoin-info.nse
  C:\Users\rajit\Source\Repos\nmap\mswin32\..\scripts\bitcoinrpc-info.nse
  C:\Users\rajit\Source\Repos\nmap\mswin32\..\scripts\bittorrent-discovery.nse
  C:\Users\rajit\Source\Repos\nmap\mswin32\..\scripts\bjnp-discover.nse
  C:\Users\rajit\Source\Repos\nmap\mswin32\..\scripts\broadcast-ataoe-discover.nse
  C:\Users\rajit\Source\Repos\nmap\mswin32\..\scripts\broadcast-avahi-dos.nse
  C:\Users\rajit\Source\Repos\nmap\mswin32\..\scripts\broadcast-bjnp-discover.nse
  C:\Users\rajit\Source\Repos\nmap\mswin32\..\scripts\broadcast-db2-discover.nse
  C:\Users\rajit\Source\Repos\nmap\mswin32\..\scripts\broadcast-dhcp-discover.nse
  C:\Users\rajit\Source\Repos\nmap\mswin32\..\scripts\broadcast-dhcp6-discover.nse
  C:\Users\rajit\Source\Repos\nmap\mswin32\..\scripts\broadcast-dns-service-discovery.nse
  C:\Users\rajit\Source\Repos\nmap\mswin32\..\scripts\broadcast-dropbox-listener.nse
  C:\Users\rajit\Source\Repos\nmap\mswin32\..\scripts\broadcast-eigrp-discovery.nse
  C:\Users\rajit\Source\Repos\nmap\mswin32\..\scripts\broadcast-igmp-discovery.nse
  C:\Users\rajit\Source\Repos\nmap\mswin32\..\scripts\broadcast-listener.nse
  C:\Users\rajit\Source\Repos\nmap\mswin32\..\scripts\broadcast-ms-sql-discover.nse
  C:\Users\rajit\Source\Repos\nmap\mswin32\..\scripts\broadcast-netbios-master-browser.nse
  C:\Users\rajit\Source\Repos\nmap\mswin32\..\scripts\broadcast-networker-discover.nse
  C:\Users\rajit\Source\Repos\nmap\mswin32\..\scripts\broadcast-novell-locate.nse
  C:\Users\rajit\Source\Repos\nmap\mswin32\..\scripts\broadcast-pc-anywhere.nse
  C:\Users\rajit\Source\Repos\nmap\mswin32\..\scripts\broadcast-pc-duo.nse
  C:\Users\rajit\Source\Repos\nmap\mswin32\..\scripts\broadcast-pim-discovery.nse
  C:\Users\rajit\Source\Repos\nmap\mswin32\..\scripts\broadcast-ping.nse
  C:\Users\rajit\Source\Repos\nmap\mswin32\..\scripts\broadcast-pppoe-discover.nse
  C:\Users\rajit\Source\Repos\nmap\mswin32\..\scripts\broadcast-rip-discover.nse
  C:\Users\rajit\Source\Repos\nmap\mswin32\..\scripts\broadcast-ripng-discover.nse
  C:\Users\rajit\Source\Repos\nmap\mswin32\..\scripts\broadcast-sonicwall-discover.nse
  C:\Users\rajit\Source\Repos\nmap\mswin32\..\scripts\broadcast-sybase-asa-discover.nse
  C:\Users\rajit\Source\Repos\nmap\mswin32\..\scripts\broadcast-tellstick-discover.nse
  C:\Users\rajit\Source\Repos\nmap\mswin32\..\scripts\broadcast-upnp-info.nse
  C:\Users\rajit\Source\Repos\nmap\mswin32\..\scripts\broadcast-versant-locate.nse
  C:\Users\rajit\Source\Repos\nmap\mswin32\..\scripts\broadcast-wake-on-lan.nse
  C:\Users\rajit\Source\Repos\nmap\mswin32\..\scripts\broadcast-wpad-discover.nse
  C:\Users\rajit\Source\Repos\nmap\mswin32\..\scripts\broadcast-wsdd-discover.nse
  C:\Users\rajit\Source\Repos\nmap\mswin32\..\scripts\broadcast-xdmcp-discover.nse
  C:\Users\rajit\Source\Repos\nmap\mswin32\..\scripts\cassandra-brute.nse
  C:\Users\rajit\Source\Repos\nmap\mswin32\..\scripts\cassandra-info.nse
  C:\Users\rajit\Source\Repos\nmap\mswin32\..\scripts\cccam-version.nse
  C:\Users\rajit\Source\Repos\nmap\mswin32\..\scripts\citrix-brute-xml.nse
  C:\Users\rajit\Source\Repos\nmap\mswin32\..\scripts\citrix-enum-apps-xml.nse
  C:\Users\rajit\Source\Repos\nmap\mswin32\..\scripts\citrix-enum-apps.nse
  C:\Users\rajit\Source\Repos\nmap\mswin32\..\scripts\citrix-enum-servers-xml.nse
  C:\Users\rajit\Source\Repos\nmap\mswin32\..\scripts\citrix-enum-servers.nse
  C:\Users\rajit\Source\Repos\nmap\mswin32\..\scripts\clamav-exec.nse
  C:\Users\rajit\Source\Repos\nmap\mswin32\..\scripts\couchdb-databases.nse
  C:\Users\rajit\Source\Repos\nmap\mswin32\..\scripts\couchdb-stats.nse
  C:\Users\rajit\Source\Repos\nmap\mswin32\..\scripts\creds-summary.nse
  C:\Users\rajit\Source\Repos\nmap\mswin32\..\scripts\cups-info.nse
  C:\Users\rajit\Source\Repos\nmap\mswin32\..\scripts\cups-queue-info.nse
  C:\Users\rajit\Source\Repos\nmap\mswin32\..\scripts\cvs-brute-repository.nse
  C:\Users\rajit\Source\Repos\nmap\mswin32\..\scripts\cvs-brute.nse
  C:\Users\rajit\Source\Repos\nmap\mswin32\..\scripts\daap-get-library.nse
  C:\Users\rajit\Source\Repos\nmap\mswin32\..\scripts\daytime.nse
  C:\Users\rajit\Source\Repos\nmap\mswin32\..\scripts\db2-das-info.nse
  C:\Users\rajit\Source\Repos\nmap\mswin32\..\scripts\dhcp-discover.nse
  C:\Users\rajit\Source\Repos\nmap\mswin32\..\scripts\dict-info.nse
  C:\Users\rajit\Source\Repos\nmap\mswin32\..\scripts\distcc-cve2004-2687.nse
  C:\Users\rajit\Source\Repos\nmap\mswin32\..\scripts\dns-blacklist.nse
  C:\Users\rajit\Source\Repos\nmap\mswin32\..\scripts\dns-brute.nse
  C:\Users\rajit\Source\Repos\nmap\mswin32\..\scripts\dns-cache-snoop.nse
  C:\Users\rajit\Source\Repos\nmap\mswin32\..\scripts\dns-check-zone.nse
  C:\Users\rajit\Source\Repos\nmap\mswin32\..\scripts\dns-client-subnet-scan.nse
  C:\Users\rajit\Source\Repos\nmap\mswin32\..\scripts\dns-fuzz.nse
  C:\Users\rajit\Source\Repos\nmap\mswin32\..\scripts\dns-ip6-arpa-scan.nse
  C:\Users\rajit\Source\Repos\nmap\mswin32\..\scripts\dns-nsec-enum.nse
  C:\Users\rajit\Source\Repos\nmap\mswin32\..\scripts\dns-nsec3-enum.nse
  C:\Users\rajit\Source\Repos\nmap\mswin32\..\scripts\dns-nsid.nse
  C:\Users\rajit\Source\Repos\nmap\mswin32\..\scripts\dns-random-srcport.nse
  C:\Users\rajit\Source\Repos\nmap\mswin32\..\scripts\dns-random-txid.nse
  C:\Users\rajit\Source\Repos\nmap\mswin32\..\scripts\dns-recursion.nse
  C:\Users\rajit\Source\Repos\nmap\mswin32\..\scripts\dns-service-discovery.nse
  C:\Users\rajit\Source\Repos\nmap\mswin32\..\scripts\dns-srv-enum.nse
  C:\Users\rajit\Source\Repos\nmap\mswin32\..\scripts\dns-update.nse
  C:\Users\rajit\Source\Repos\nmap\mswin32\..\scripts\dns-zeustracker.nse
  C:\Users\rajit\Source\Repos\nmap\mswin32\..\scripts\dns-zone-transfer.nse
  C:\Users\rajit\Source\Repos\nmap\mswin32\..\scripts\docker-version.nse
  C:\Users\rajit\Source\Repos\nmap\mswin32\..\scripts\domcon-brute.nse
  C:\Users\rajit\Source\Repos\nmap\mswin32\..\scripts\domcon-cmd.nse
  C:\Users\rajit\Source\Repos\nmap\mswin32\..\scripts\domino-enum-users.nse
  C:\Users\rajit\Source\Repos\nmap\mswin32\..\scripts\dpap-brute.nse
  C:\Users\rajit\Source\Repos\nmap\mswin32\..\scripts\drda-brute.nse
  C:\Users\rajit\Source\Repos\nmap\mswin32\..\scripts\drda-info.nse
  C:\Users\rajit\Source\Repos\nmap\mswin32\..\scripts\duplicates.nse
  C:\Users\rajit\Source\Repos\nmap\mswin32\..\scripts\eap-info.nse
  C:\Users\rajit\Source\Repos\nmap\mswin32\..\scripts\enip-info.nse
  C:\Users\rajit\Source\Repos\nmap\mswin32\..\scripts\epmd-info.nse
  C:\Users\rajit\Source\Repos\nmap\mswin32\..\scripts\eppc-enum-processes.nse
  C:\Users\rajit\Source\Repos\nmap\mswin32\..\scripts\fcrdns.nse
  C:\Users\rajit\Source\Repos\nmap\mswin32\..\scripts\finger.nse
  C:\Users\rajit\Source\Repos\nmap\mswin32\..\scripts\firewalk.nse
  C:\Users\rajit\Source\Repos\nmap\mswin32\..\scripts\firewall-bypass.nse
  C:\Users\rajit\Source\Repos\nmap\mswin32\..\scripts\flume-master-info.nse
  C:\Users\rajit\Source\Repos\nmap\mswin32\..\scripts\freelancer-info.nse
  C:\Users\rajit\Source\Repos\nmap\mswin32\..\scripts\ftp-anon.nse
  C:\Users\rajit\Source\Repos\nmap\mswin32\..\scripts\ftp-bounce.nse
  C:\Users\rajit\Source\Repos\nmap\mswin32\..\scripts\ftp-brute.nse
  C:\Users\rajit\Source\Repos\nmap\mswin32\..\scripts\ftp-libopie.nse
  C:\Users\rajit\Source\Repos\nmap\mswin32\..\scripts\ftp-proftpd-backdoor.nse
  C:\Users\rajit\Source\Repos\nmap\mswin32\..\scripts\ftp-vsftpd-backdoor.nse
  C:\Users\rajit\Source\Repos\nmap\mswin32\..\scripts\ftp-vuln-cve2010-4221.nse
  C:\Users\rajit\Source\Repos\nmap\mswin32\..\scripts\ganglia-info.nse
  C:\Users\rajit\Source\Repos\nmap\mswin32\..\scripts\giop-info.nse
  C:\Users\rajit\Source\Repos\nmap\mswin32\..\scripts\gkrellm-info.nse
  C:\Users\rajit\Source\Repos\nmap\mswin32\..\scripts\gopher-ls.nse
  C:\Users\rajit\Source\Repos\nmap\mswin32\..\scripts\gpsd-info.nse
  C:\Users\rajit\Source\Repos\nmap\mswin32\..\scripts\hadoop-datanode-info.nse
  C:\Users\rajit\Source\Repos\nmap\mswin32\..\scripts\hadoop-jobtracker-info.nse
  C:\Users\rajit\Source\Repos\nmap\mswin32\..\scripts\hadoop-namenode-info.nse
  C:\Users\rajit\Source\Repos\nmap\mswin32\..\scripts\hadoop-secondary-namenode-info.nse
  C:\Users\rajit\Source\Repos\nmap\mswin32\..\scripts\hadoop-tasktracker-info.nse
  C:\Users\rajit\Source\Repos\nmap\mswin32\..\scripts\hbase-master-info.nse
  C:\Users\rajit\Source\Repos\nmap\mswin32\..\scripts\hbase-region-info.nse
  C:\Users\rajit\Source\Repos\nmap\mswin32\..\scripts\hddtemp-info.nse
  C:\Users\rajit\Source\Repos\nmap\mswin32\..\scripts\hnap-info.nse
  C:\Users\rajit\Source\Repos\nmap\mswin32\..\scripts\hostmap-bfk.nse
  C:\Users\rajit\Source\Repos\nmap\mswin32\..\scripts\hostmap-ip2hosts.nse
  C:\Users\rajit\Source\Repos\nmap\mswin32\..\scripts\hostmap-robtex.nse
  C:\Users\rajit\Source\Repos\nmap\mswin32\..\scripts\http-adobe-coldfusion-apsa1301.nse
  C:\Users\rajit\Source\Repos\nmap\mswin32\..\scripts\http-affiliate-id.nse
  C:\Users\rajit\Source\Repos\nmap\mswin32\..\scripts\http-apache-negotiation.nse
  C:\Users\rajit\Source\Repos\nmap\mswin32\..\scripts\http-apache-server-status.nse
  C:\Users\rajit\Source\Repos\nmap\mswin32\..\scripts\http-aspnet-debug.nse
  C:\Users\rajit\Source\Repos\nmap\mswin32\..\scripts\http-auth-finder.nse
  C:\Users\rajit\Source\Repos\nmap\mswin32\..\scripts\http-auth.nse
  C:\Users\rajit\Source\Repos\nmap\mswin32\..\scripts\http-avaya-ipoffice-users.nse
  C:\Users\rajit\Source\Repos\nmap\mswin32\..\scripts\http-awstatstotals-exec.nse
  C:\Users\rajit\Source\Repos\nmap\mswin32\..\scripts\http-axis2-dir-traversal.nse
  C:\Users\rajit\Source\Repos\nmap\mswin32\..\scripts\http-backup-finder.nse
  C:\Users\rajit\Source\Repos\nmap\mswin32\..\scripts\http-barracuda-dir-traversal.nse
  C:\Users\rajit\Source\Repos\nmap\mswin32\..\scripts\http-brute.nse
  C:\Users\rajit\Source\Repos\nmap\mswin32\..\scripts\http-cakephp-version.nse
  C:\Users\rajit\Source\Repos\nmap\mswin32\..\scripts\http-chrono.nse
  C:\Users\rajit\Source\Repos\nmap\mswin32\..\scripts\http-cisco-anyconnect.nse
  C:\Users\rajit\Source\Repos\nmap\mswin32\..\scripts\http-coldfusion-subzero.nse
  C:\Users\rajit\Source\Repos\nmap\mswin32\..\scripts\http-comments-displayer.nse
  C:\Users\rajit\Source\Repos\nmap\mswin32\..\scripts\http-config-backup.nse
  C:\Users\rajit\Source\Repos\nmap\mswin32\..\scripts\http-cors.nse
  C:\Users\rajit\Source\Repos\nmap\mswin32\..\scripts\http-cross-domain-policy.nse
  C:\Users\rajit\Source\Repos\nmap\mswin32\..\scripts\http-csrf.nse
  C:\Users\rajit\Source\Repos\nmap\mswin32\..\scripts\http-date.nse
  C:\Users\rajit\Source\Repos\nmap\mswin32\..\scripts\http-default-accounts.nse
  C:\Users\rajit\Source\Repos\nmap\mswin32\..\scripts\http-devframework.nse
  C:\Users\rajit\Source\Repos\nmap\mswin32\..\scripts\http-dlink-backdoor.nse
  C:\Users\rajit\Source\Repos\nmap\mswin32\..\scripts\http-dombased-xss.nse
  C:\Users\rajit\Source\Repos\nmap\mswin32\..\scripts\http-domino-enum-passwords.nse
  C:\Users\rajit\Source\Repos\nmap\mswin32\..\scripts\http-drupal-enum-users.nse
  C:\Users\rajit\Source\Repos\nmap\mswin32\..\scripts\http-drupal-enum.nse
  C:\Users\rajit\Source\Repos\nmap\mswin32\..\scripts\http-enum.nse
  C:\Users\rajit\Source\Repos\nmap\mswin32\..\scripts\http-errors.nse
  C:\Users\rajit\Source\Repos\nmap\mswin32\..\scripts\http-exif-spider.nse
  C:\Users\rajit\Source\Repos\nmap\mswin32\..\scripts\http-favicon.nse
  C:\Users\rajit\Source\Repos\nmap\mswin32\..\scripts\http-feed.nse
  C:\Users\rajit\Source\Repos\nmap\mswin32\..\scripts\http-fetch.nse
  C:\Users\rajit\Source\Repos\nmap\mswin32\..\scripts\http-fileupload-exploiter.nse
  C:\Users\rajit\Source\Repos\nmap\mswin32\..\scripts\http-form-brute.nse
  C:\Users\rajit\Source\Repos\nmap\mswin32\..\scripts\http-form-fuzzer.nse
  C:\Users\rajit\Source\Repos\nmap\mswin32\..\scripts\http-frontpage-login.nse
  C:\Users\rajit\Source\Repos\nmap\mswin32\..\scripts\http-generator.nse
  C:\Users\rajit\Source\Repos\nmap\mswin32\..\scripts\http-git.nse
  C:\Users\rajit\Source\Repos\nmap\mswin32\..\scripts\http-gitweb-projects-enum.nse
  C:\Users\rajit\Source\Repos\nmap\mswin32\..\scripts\http-google-malware.nse
  C:\Users\rajit\Source\Repos\nmap\mswin32\..\scripts\http-grep.nse
  C:\Users\rajit\Source\Repos\nmap\mswin32\..\scripts\http-headers.nse
  C:\Users\rajit\Source\Repos\nmap\mswin32\..\scripts\http-huawei-hg5xx-vuln.nse
  C:\Users\rajit\Source\Repos\nmap\mswin32\..\scripts\http-icloud-findmyiphone.nse
  C:\Users\rajit\Source\Repos\nmap\mswin32\..\scripts\http-icloud-sendmsg.nse
  C:\Users\rajit\Source\Repos\nmap\mswin32\..\scripts\http-iis-short-name-brute.nse
  C:\Users\rajit\Source\Repos\nmap\mswin32\..\scripts\http-iis-webdav-vuln.nse
  C:\Users\rajit\Source\Repos\nmap\mswin32\..\scripts\http-internal-ip-disclosure.nse
  C:\Users\rajit\Source\Repos\nmap\mswin32\..\scripts\http-joomla-brute.nse
  C:\Users\rajit\Source\Repos\nmap\mswin32\..\scripts\http-litespeed-sourcecode-download.nse
  C:\Users\rajit\Source\Repos\nmap\mswin32\..\scripts\http-ls.nse
  C:\Users\rajit\Source\Repos\nmap\mswin32\..\scripts\http-majordomo2-dir-traversal.nse
  C:\Users\rajit\Source\Repos\nmap\mswin32\..\scripts\http-malware-host.nse
  C:\Users\rajit\Source\Repos\nmap\mswin32\..\scripts\http-method-tamper.nse
  C:\Users\rajit\Source\Repos\nmap\mswin32\..\scripts\http-methods.nse
  C:\Users\rajit\Source\Repos\nmap\mswin32\..\scripts\http-mobileversion-checker.nse
  C:\Users\rajit\Source\Repos\nmap\mswin32\..\scripts\http-ntlm-info.nse
  C:\Users\rajit\Source\Repos\nmap\mswin32\..\scripts\http-open-proxy.nse
  C:\Users\rajit\Source\Repos\nmap\mswin32\..\scripts\http-open-redirect.nse
  C:\Users\rajit\Source\Repos\nmap\mswin32\..\scripts\http-passwd.nse
  C:\Users\rajit\Source\Repos\nmap\mswin32\..\scripts\http-php-version.nse
  C:\Users\rajit\Source\Repos\nmap\mswin32\..\scripts\http-phpmyadmin-dir-traversal.nse
  C:\Users\rajit\Source\Repos\nmap\mswin32\..\scripts\http-phpself-xss.nse
  C:\Users\rajit\Source\Repos\nmap\mswin32\..\scripts\http-proxy-brute.nse
  C:\Users\rajit\Source\Repos\nmap\mswin32\..\scripts\http-put.nse
  C:\Users\rajit\Source\Repos\nmap\mswin32\..\scripts\http-qnap-nas-info.nse
  C:\Users\rajit\Source\Repos\nmap\mswin32\..\scripts\http-referer-checker.nse
  C:\Users\rajit\Source\Repos\nmap\mswin32\..\scripts\http-rfi-spider.nse
  C:\Users\rajit\Source\Repos\nmap\mswin32\..\scripts\http-robots.txt.nse
  C:\Users\rajit\Source\Repos\nmap\mswin32\..\scripts\http-robtex-reverse-ip.nse
  C:\Users\rajit\Source\Repos\nmap\mswin32\..\scripts\http-robtex-shared-ns.nse
  C:\Users\rajit\Source\Repos\nmap\mswin32\..\scripts\http-server-header.nse
  C:\Users\rajit\Source\Repos\nmap\mswin32\..\scripts\http-shellshock.nse
  C:\Users\rajit\Source\Repos\nmap\mswin32\..\scripts\http-sitemap-generator.nse
  C:\Users\rajit\Source\Repos\nmap\mswin32\..\scripts\http-slowloris-check.nse
  C:\Users\rajit\Source\Repos\nmap\mswin32\..\scripts\http-slowloris.nse
  C:\Users\rajit\Source\Repos\nmap\mswin32\..\scripts\http-sql-injection.nse
  C:\Users\rajit\Source\Repos\nmap\mswin32\..\scripts\http-stored-xss.nse
  C:\Users\rajit\Source\Repos\nmap\mswin32\..\scripts\http-svn-enum.nse
  C:\Users\rajit\Source\Repos\nmap\mswin32\..\scripts\http-svn-info.nse
  C:\Users\rajit\Source\Repos\nmap\mswin32\..\scripts\http-title.nse
  C:\Users\rajit\Source\Repos\nmap\mswin32\..\scripts\http-tplink-dir-traversal.nse
  C:\Users\rajit\Source\Repos\nmap\mswin32\..\scripts\http-trace.nse
  C:\Users\rajit\Source\Repos\nmap\mswin32\..\scripts\http-traceroute.nse
  C:\Users\rajit\Source\Repos\nmap\mswin32\..\scripts\http-unsafe-output-escaping.nse
  C:\Users\rajit\Source\Repos\nmap\mswin32\..\scripts\http-useragent-tester.nse
  C:\Users\rajit\Source\Repos\nmap\mswin32\..\scripts\http-userdir-enum.nse
  C:\Users\rajit\Source\Repos\nmap\mswin32\..\scripts\http-vhosts.nse
  C:\Users\rajit\Source\Repos\nmap\mswin32\..\scripts\http-virustotal.nse
  C:\Users\rajit\Source\Repos\nmap\mswin32\..\scripts\http-vlcstreamer-ls.nse
  C:\Users\rajit\Source\Repos\nmap\mswin32\..\scripts\http-vmware-path-vuln.nse
  C:\Users\rajit\Source\Repos\nmap\mswin32\..\scripts\http-vuln-cve2006-3392.nse
  C:\Users\rajit\Source\Repos\nmap\mswin32\..\scripts\http-vuln-cve2009-3960.nse
  C:\Users\rajit\Source\Repos\nmap\mswin32\..\scripts\http-vuln-cve2010-0738.nse
  C:\Users\rajit\Source\Repos\nmap\mswin32\..\scripts\http-vuln-cve2010-2861.nse
  C:\Users\rajit\Source\Repos\nmap\mswin32\..\scripts\http-vuln-cve2011-3192.nse
  C:\Users\rajit\Source\Repos\nmap\mswin32\..\scripts\http-vuln-cve2011-3368.nse
  C:\Users\rajit\Source\Repos\nmap\mswin32\..\scripts\http-vuln-cve2012-1823.nse
  C:\Users\rajit\Source\Repos\nmap\mswin32\..\scripts\http-vuln-cve2013-0156.nse
  C:\Users\rajit\Source\Repos\nmap\mswin32\..\scripts\http-vuln-cve2013-6786.nse
  C:\Users\rajit\Source\Repos\nmap\mswin32\..\scripts\http-vuln-cve2013-7091.nse
  C:\Users\rajit\Source\Repos\nmap\mswin32\..\scripts\http-vuln-cve2014-2126.nse
  C:\Users\rajit\Source\Repos\nmap\mswin32\..\scripts\http-vuln-cve2014-2127.nse
  C:\Users\rajit\Source\Repos\nmap\mswin32\..\scripts\http-vuln-cve2014-2128.nse
  C:\Users\rajit\Source\Repos\nmap\mswin32\..\scripts\http-vuln-cve2014-2129.nse
  C:\Users\rajit\Source\Repos\nmap\mswin32\..\scripts\http-vuln-cve2014-3704.nse
  C:\Users\rajit\Source\Repos\nmap\mswin32\..\scripts\http-vuln-cve2014-8877.nse
  C:\Users\rajit\Source\Repos\nmap\mswin32\..\scripts\http-vuln-cve2015-1427.nse
  C:\Users\rajit\Source\Repos\nmap\mswin32\..\scripts\http-vuln-cve2015-1635.nse
  C:\Users\rajit\Source\Repos\nmap\mswin32\..\scripts\http-vuln-misfortune-cookie.nse
  C:\Users\rajit\Source\Repos\nmap\mswin32\..\scripts\http-vuln-wnr1000-creds.nse
  C:\Users\rajit\Source\Repos\nmap\mswin32\..\scripts\http-waf-detect.nse
  C:\Users\rajit\Source\Repos\nmap\mswin32\..\scripts\http-waf-fingerprint.nse
  C:\Users\rajit\Source\Repos\nmap\mswin32\..\scripts\http-webdav-scan.nse
  C:\Users\rajit\Source\Repos\nmap\mswin32\..\scripts\http-wordpress-brute.nse
  C:\Users\rajit\Source\Repos\nmap\mswin32\..\scripts\http-wordpress-enum.nse
  C:\Users\rajit\Source\Repos\nmap\mswin32\..\scripts\http-wordpress-users.nse
  C:\Users\rajit\Source\Repos\nmap\mswin32\..\scripts\http-xssed.nse
  C:\Users\rajit\Source\Repos\nmap\mswin32\..\scripts\iax2-brute.nse
  C:\Users\rajit\Source\Repos\nmap\mswin32\..\scripts\iax2-version.nse
  C:\Users\rajit\Source\Repos\nmap\mswin32\..\scripts\icap-info.nse
  C:\Users\rajit\Source\Repos\nmap\mswin32\..\scripts\ike-version.nse
  C:\Users\rajit\Source\Repos\nmap\mswin32\..\scripts\imap-brute.nse
  C:\Users\rajit\Source\Repos\nmap\mswin32\..\scripts\imap-capabilities.nse
  C:\Users\rajit\Source\Repos\nmap\mswin32\..\scripts\imap-ntlm-info.nse
  C:\Users\rajit\Source\Repos\nmap\mswin32\..\scripts\informix-brute.nse
  C:\Users\rajit\Source\Repos\nmap\mswin32\..\scripts\informix-query.nse
  C:\Users\rajit\Source\Repos\nmap\mswin32\..\scripts\informix-tables.nse
  C:\Users\rajit\Source\Repos\nmap\mswin32\..\scripts\ip-forwarding.nse
  C:\Users\rajit\Source\Repos\nmap\mswin32\..\scripts\ip-geolocation-geobytes.nse
  C:\Users\rajit\Source\Repos\nmap\mswin32\..\scripts\ip-geolocation-geoplugin.nse
  C:\Users\rajit\Source\Repos\nmap\mswin32\..\scripts\ip-geolocation-ipinfodb.nse
  C:\Users\rajit\Source\Repos\nmap\mswin32\..\scripts\ip-geolocation-maxmind.nse
  C:\Users\rajit\Source\Repos\nmap\mswin32\..\scripts\ip-https-discover.nse
  C:\Users\rajit\Source\Repos\nmap\mswin32\..\scripts\ipidseq.nse
  C:\Users\rajit\Source\Repos\nmap\mswin32\..\scripts\ipv6-multicast-mld-list.nse
  C:\Users\rajit\Source\Repos\nmap\mswin32\..\scripts\ipv6-node-info.nse
  C:\Users\rajit\Source\Repos\nmap\mswin32\..\scripts\ipv6-ra-flood.nse
  C:\Users\rajit\Source\Repos\nmap\mswin32\..\scripts\irc-botnet-channels.nse
  C:\Users\rajit\Source\Repos\nmap\mswin32\..\scripts\irc-brute.nse
  C:\Users\rajit\Source\Repos\nmap\mswin32\..\scripts\irc-info.nse
  C:\Users\rajit\Source\Repos\nmap\mswin32\..\scripts\irc-sasl-brute.nse
  C:\Users\rajit\Source\Repos\nmap\mswin32\..\scripts\irc-unrealircd-backdoor.nse
  C:\Users\rajit\Source\Repos\nmap\mswin32\..\scripts\iscsi-brute.nse
  C:\Users\rajit\Source\Repos\nmap\mswin32\..\scripts\iscsi-info.nse
  C:\Users\rajit\Source\Repos\nmap\mswin32\..\scripts\isns-info.nse
  C:\Users\rajit\Source\Repos\nmap\mswin32\..\scripts\jdwp-exec.nse
  C:\Users\rajit\Source\Repos\nmap\mswin32\..\scripts\jdwp-info.nse
  C:\Users\rajit\Source\Repos\nmap\mswin32\..\scripts\jdwp-inject.nse
  C:\Users\rajit\Source\Repos\nmap\mswin32\..\scripts\jdwp-version.nse
  C:\Users\rajit\Source\Repos\nmap\mswin32\..\scripts\knx-gateway-discover.nse
  C:\Users\rajit\Source\Repos\nmap\mswin32\..\scripts\knx-gateway-info.nse
  C:\Users\rajit\Source\Repos\nmap\mswin32\..\scripts\krb5-enum-users.nse
  C:\Users\rajit\Source\Repos\nmap\mswin32\..\scripts\ldap-brute.nse
  C:\Users\rajit\Source\Repos\nmap\mswin32\..\scripts\ldap-novell-getpass.nse
  C:\Users\rajit\Source\Repos\nmap\mswin32\..\scripts\ldap-rootdse.nse
  C:\Users\rajit\Source\Repos\nmap\mswin32\..\scripts\ldap-search.nse
  C:\Users\rajit\Source\Repos\nmap\mswin32\..\scripts\lexmark-config.nse
  C:\Users\rajit\Source\Repos\nmap\mswin32\..\scripts\llmnr-resolve.nse
  C:\Users\rajit\Source\Repos\nmap\mswin32\..\scripts\lltd-discovery.nse
  C:\Users\rajit\Source\Repos\nmap\mswin32\..\scripts\maxdb-info.nse
  C:\Users\rajit\Source\Repos\nmap\mswin32\..\scripts\mcafee-epo-agent.nse
  C:\Users\rajit\Source\Repos\nmap\mswin32\..\scripts\membase-brute.nse
  C:\Users\rajit\Source\Repos\nmap\mswin32\..\scripts\membase-http-info.nse
  C:\Users\rajit\Source\Repos\nmap\mswin32\..\scripts\memcached-info.nse
  C:\Users\rajit\Source\Repos\nmap\mswin32\..\scripts\metasploit-info.nse
  C:\Users\rajit\Source\Repos\nmap\mswin32\..\scripts\metasploit-msgrpc-brute.nse
  C:\Users\rajit\Source\Repos\nmap\mswin32\..\scripts\metasploit-xmlrpc-brute.nse
  C:\Users\rajit\Source\Repos\nmap\mswin32\..\scripts\mikrotik-routeros-brute.nse
  C:\Users\rajit\Source\Repos\nmap\mswin32\..\scripts\mmouse-brute.nse
  C:\Users\rajit\Source\Repos\nmap\mswin32\..\scripts\mmouse-exec.nse
  C:\Users\rajit\Source\Repos\nmap\mswin32\..\scripts\modbus-discover.nse
  C:\Users\rajit\Source\Repos\nmap\mswin32\..\scripts\mongodb-brute.nse
  C:\Users\rajit\Source\Repos\nmap\mswin32\..\scripts\mongodb-databases.nse
  C:\Users\rajit\Source\Repos\nmap\mswin32\..\scripts\mongodb-info.nse
  C:\Users\rajit\Source\Repos\nmap\mswin32\..\scripts\mrinfo.nse
  C:\Users\rajit\Source\Repos\nmap\mswin32\..\scripts\ms-sql-brute.nse
  C:\Users\rajit\Source\Repos\nmap\mswin32\..\scripts\ms-sql-config.nse
  C:\Users\rajit\Source\Repos\nmap\mswin32\..\scripts\ms-sql-dac.nse
  C:\Users\rajit\Source\Repos\nmap\mswin32\..\scripts\ms-sql-dump-hashes.nse
  C:\Users\rajit\Source\Repos\nmap\mswin32\..\scripts\ms-sql-empty-password.nse
  C:\Users\rajit\Source\Repos\nmap\mswin32\..\scripts\ms-sql-hasdbaccess.nse
  C:\Users\rajit\Source\Repos\nmap\mswin32\..\scripts\ms-sql-info.nse
  C:\Users\rajit\Source\Repos\nmap\mswin32\..\scripts\ms-sql-ntlm-info.nse
  C:\Users\rajit\Source\Repos\nmap\mswin32\..\scripts\ms-sql-query.nse
  C:\Users\rajit\Source\Repos\nmap\mswin32\..\scripts\ms-sql-tables.nse
  C:\Users\rajit\Source\Repos\nmap\mswin32\..\scripts\ms-sql-xp-cmdshell.nse
  C:\Users\rajit\Source\Repos\nmap\mswin32\..\scripts\msrpc-enum.nse
  C:\Users\rajit\Source\Repos\nmap\mswin32\..\scripts\mtrace.nse
  C:\Users\rajit\Source\Repos\nmap\mswin32\..\scripts\murmur-version.nse
  C:\Users\rajit\Source\Repos\nmap\mswin32\..\scripts\mysql-audit.nse
  C:\Users\rajit\Source\Repos\nmap\mswin32\..\scripts\mysql-brute.nse
  C:\Users\rajit\Source\Repos\nmap\mswin32\..\scripts\mysql-databases.nse
  C:\Users\rajit\Source\Repos\nmap\mswin32\..\scripts\mysql-dump-hashes.nse
  C:\Users\rajit\Source\Repos\nmap\mswin32\..\scripts\mysql-empty-password.nse
  C:\Users\rajit\Source\Repos\nmap\mswin32\..\scripts\mysql-enum.nse
  C:\Users\rajit\Source\Repos\nmap\mswin32\..\scripts\mysql-info.nse
  C:\Users\rajit\Source\Repos\nmap\mswin32\..\scripts\mysql-query.nse
  C:\Users\rajit\Source\Repos\nmap\mswin32\..\scripts\mysql-users.nse
  C:\Users\rajit\Source\Repos\nmap\mswin32\..\scripts\mysql-variables.nse
  C:\Users\rajit\Source\Repos\nmap\mswin32\..\scripts\mysql-vuln-cve2012-2122.nse
  C:\Users\rajit\Source\Repos\nmap\mswin32\..\scripts\nat-pmp-info.nse
  C:\Users\rajit\Source\Repos\nmap\mswin32\..\scripts\nat-pmp-mapport.nse
  C:\Users\rajit\Source\Repos\nmap\mswin32\..\scripts\nbstat.nse
  C:\Users\rajit\Source\Repos\nmap\mswin32\..\scripts\ncp-enum-users.nse
  C:\Users\rajit\Source\Repos\nmap\mswin32\..\scripts\ncp-serverinfo.nse
  C:\Users\rajit\Source\Repos\nmap\mswin32\..\scripts\ndmp-fs-info.nse
  C:\Users\rajit\Source\Repos\nmap\mswin32\..\scripts\ndmp-version.nse
  C:\Users\rajit\Source\Repos\nmap\mswin32\..\scripts\nessus-brute.nse
  C:\Users\rajit\Source\Repos\nmap\mswin32\..\scripts\nessus-xmlrpc-brute.nse
  C:\Users\rajit\Source\Repos\nmap\mswin32\..\scripts\netbus-auth-bypass.nse
  C:\Users\rajit\Source\Repos\nmap\mswin32\..\scripts\netbus-brute.nse
  C:\Users\rajit\Source\Repos\nmap\mswin32\..\scripts\netbus-info.nse
  C:\Users\rajit\Source\Repos\nmap\mswin32\..\scripts\netbus-version.nse
  C:\Users\rajit\Source\Repos\nmap\mswin32\..\scripts\nexpose-brute.nse
  C:\Users\rajit\Source\Repos\nmap\mswin32\..\scripts\nfs-ls.nse
  C:\Users\rajit\Source\Repos\nmap\mswin32\..\scripts\nfs-showmount.nse
  C:\Users\rajit\Source\Repos\nmap\mswin32\..\scripts\nfs-statfs.nse
  C:\Users\rajit\Source\Repos\nmap\mswin32\..\scripts\nje-node-brute.nse
  C:\Users\rajit\Source\Repos\nmap\mswin32\..\scripts\nntp-ntlm-info.nse
  C:\Users\rajit\Source\Repos\nmap\mswin32\..\scripts\nping-brute.nse
  C:\Users\rajit\Source\Repos\nmap\mswin32\..\scripts\nrpe-enum.nse
  C:\Users\rajit\Source\Repos\nmap\mswin32\..\scripts\ntp-info.nse
  C:\Users\rajit\Source\Repos\nmap\mswin32\..\scripts\ntp-monlist.nse
  C:\Users\rajit\Source\Repos\nmap\mswin32\..\scripts\omp2-brute.nse
  C:\Users\rajit\Source\Repos\nmap\mswin32\..\scripts\omp2-enum-targets.nse
  C:\Users\rajit\Source\Repos\nmap\mswin32\..\scripts\omron-info.nse
  C:\Users\rajit\Source\Repos\nmap\mswin32\..\scripts\openlookup-info.nse
  C:\Users\rajit\Source\Repos\nmap\mswin32\..\scripts\openvas-otp-brute.nse
  C:\Users\rajit\Source\Repos\nmap\mswin32\..\scripts\oracle-brute-stealth.nse
  C:\Users\rajit\Source\Repos\nmap\mswin32\..\scripts\oracle-brute.nse
  C:\Users\rajit\Source\Repos\nmap\mswin32\..\scripts\oracle-enum-users.nse
  C:\Users\rajit\Source\Repos\nmap\mswin32\..\scripts\oracle-sid-brute.nse
  C:\Users\rajit\Source\Repos\nmap\mswin32\..\scripts\ovs-agent-version.nse
  C:\Users\rajit\Source\Repos\nmap\mswin32\..\scripts\p2p-conficker.nse
  C:\Users\rajit\Source\Repos\nmap\mswin32\..\scripts\path-mtu.nse
  C:\Users\rajit\Source\Repos\nmap\mswin32\..\scripts\pcanywhere-brute.nse
  C:\Users\rajit\Source\Repos\nmap\mswin32\..\scripts\pgsql-brute.nse
  C:\Users\rajit\Source\Repos\nmap\mswin32\..\scripts\pjl-ready-message.nse
  C:\Users\rajit\Source\Repos\nmap\mswin32\..\scripts\pop3-brute.nse
  C:\Users\rajit\Source\Repos\nmap\mswin32\..\scripts\pop3-capabilities.nse
  C:\Users\rajit\Source\Repos\nmap\mswin32\..\scripts\pop3-ntlm-info.nse
  C:\Users\rajit\Source\Repos\nmap\mswin32\..\scripts\pptp-version.nse
  C:\Users\rajit\Source\Repos\nmap\mswin32\..\scripts\qconn-exec.nse
  C:\Users\rajit\Source\Repos\nmap\mswin32\..\scripts\qscan.nse
  C:\Users\rajit\Source\Repos\nmap\mswin32\..\scripts\quake1-info.nse
  C:\Users\rajit\Source\Repos\nmap\mswin32\..\scripts\quake3-info.nse
  C:\Users\rajit\Source\Repos\nmap\mswin32\..\scripts\quake3-master-getservers.nse
  C:\Users\rajit\Source\Repos\nmap\mswin32\..\scripts\rdp-enum-encryption.nse
  C:\Users\rajit\Source\Repos\nmap\mswin32\..\scripts\rdp-vuln-ms12-020.nse
  C:\Users\rajit\Source\Repos\nmap\mswin32\..\scripts\realvnc-auth-bypass.nse
  C:\Users\rajit\Source\Repos\nmap\mswin32\..\scripts\redis-brute.nse
  C:\Users\rajit\Source\Repos\nmap\mswin32\..\scripts\redis-info.nse
  C:\Users\rajit\Source\Repos\nmap\mswin32\..\scripts\resolveall.nse
  C:\Users\rajit\Source\Repos\nmap\mswin32\..\scripts\reverse-index.nse
  C:\Users\rajit\Source\Repos\nmap\mswin32\..\scripts\rexec-brute.nse
  C:\Users\rajit\Source\Repos\nmap\mswin32\..\scripts\rfc868-time.nse
  C:\Users\rajit\Source\Repos\nmap\mswin32\..\scripts\riak-http-info.nse
  C:\Users\rajit\Source\Repos\nmap\mswin32\..\scripts\rlogin-brute.nse
  C:\Users\rajit\Source\Repos\nmap\mswin32\..\scripts\rmi-dumpregistry.nse
  C:\Users\rajit\Source\Repos\nmap\mswin32\..\scripts\rmi-vuln-classloader.nse
  C:\Users\rajit\Source\Repos\nmap\mswin32\..\scripts\rpc-grind.nse
  C:\Users\rajit\Source\Repos\nmap\mswin32\..\scripts\rpcap-brute.nse
  C:\Users\rajit\Source\Repos\nmap\mswin32\..\scripts\rpcap-info.nse
  C:\Users\rajit\Source\Repos\nmap\mswin32\..\scripts\rpcinfo.nse
  C:\Users\rajit\Source\Repos\nmap\mswin32\..\scripts\rsync-brute.nse
  C:\Users\rajit\Source\Repos\nmap\mswin32\..\scripts\rsync-list-modules.nse
  C:\Users\rajit\Source\Repos\nmap\mswin32\..\scripts\rtsp-methods.nse
  C:\Users\rajit\Source\Repos\nmap\mswin32\..\scripts\rtsp-url-brute.nse
  C:\Users\rajit\Source\Repos\nmap\mswin32\..\scripts\rusers.nse
  C:\Users\rajit\Source\Repos\nmap\mswin32\..\scripts\s7-info.nse
  C:\Users\rajit\Source\Repos\nmap\mswin32\..\scripts\samba-vuln-cve-2012-1182.nse
  C:\Users\rajit\Source\Repos\nmap\mswin32\..\scripts\script.db
  C:\Users\rajit\Source\Repos\nmap\mswin32\..\scripts\servicetags.nse
  C:\Users\rajit\Source\Repos\nmap\mswin32\..\scripts\shodan-api.nse
  C:\Users\rajit\Source\Repos\nmap\mswin32\..\scripts\sip-brute.nse
  C:\Users\rajit\Source\Repos\nmap\mswin32\..\scripts\sip-call-spoof.nse
  C:\Users\rajit\Source\Repos\nmap\mswin32\..\scripts\sip-enum-users.nse
  C:\Users\rajit\Source\Repos\nmap\mswin32\..\scripts\sip-methods.nse
  C:\Users\rajit\Source\Repos\nmap\mswin32\..\scripts\skypev2-version.nse
  C:\Users\rajit\Source\Repos\nmap\mswin32\..\scripts\smb-brute.nse
  C:\Users\rajit\Source\Repos\nmap\mswin32\..\scripts\smb-enum-domains.nse
  C:\Users\rajit\Source\Repos\nmap\mswin32\..\scripts\smb-enum-groups.nse
  C:\Users\rajit\Source\Repos\nmap\mswin32\..\scripts\smb-enum-processes.nse
  C:\Users\rajit\Source\Repos\nmap\mswin32\..\scripts\smb-enum-sessions.nse
  C:\Users\rajit\Source\Repos\nmap\mswin32\..\scripts\smb-enum-shares.nse
  C:\Users\rajit\Source\Repos\nmap\mswin32\..\scripts\smb-enum-users.nse
  C:\Users\rajit\Source\Repos\nmap\mswin32\..\scripts\smb-flood.nse
  C:\Users\rajit\Source\Repos\nmap\mswin32\..\scripts\smb-ls.nse
  C:\Users\rajit\Source\Repos\nmap\mswin32\..\scripts\smb-mbenum.nse
  C:\Users\rajit\Source\Repos\nmap\mswin32\..\scripts\smb-os-discovery.nse
  C:\Users\rajit\Source\Repos\nmap\mswin32\..\scripts\smb-print-text.nse
  C:\Users\rajit\Source\Repos\nmap\mswin32\..\scripts\smb-psexec.nse
  C:\Users\rajit\Source\Repos\nmap\mswin32\..\scripts\smb-security-mode.nse
  C:\Users\rajit\Source\Repos\nmap\mswin32\..\scripts\smb-server-stats.nse
  C:\Users\rajit\Source\Repos\nmap\mswin32\..\scripts\smb-system-info.nse
  C:\Users\rajit\Source\Repos\nmap\mswin32\..\scripts\smb-vuln-conficker.nse
  C:\Users\rajit\Source\Repos\nmap\mswin32\..\scripts\smb-vuln-cve2009-3103.nse
  C:\Users\rajit\Source\Repos\nmap\mswin32\..\scripts\smb-vuln-ms06-025.nse
  C:\Users\rajit\Source\Repos\nmap\mswin32\..\scripts\smb-vuln-ms07-029.nse
  C:\Users\rajit\Source\Repos\nmap\mswin32\..\scripts\smb-vuln-ms08-067.nse
  C:\Users\rajit\Source\Repos\nmap\mswin32\..\scripts\smb-vuln-ms10-054.nse
  C:\Users\rajit\Source\Repos\nmap\mswin32\..\scripts\smb-vuln-ms10-061.nse
  C:\Users\rajit\Source\Repos\nmap\mswin32\..\scripts\smb-vuln-regsvc-dos.nse
  C:\Users\rajit\Source\Repos\nmap\mswin32\..\scripts\smbv2-enabled.nse
  C:\Users\rajit\Source\Repos\nmap\mswin32\..\scripts\smtp-brute.nse
  C:\Users\rajit\Source\Repos\nmap\mswin32\..\scripts\smtp-commands.nse
  C:\Users\rajit\Source\Repos\nmap\mswin32\..\scripts\smtp-enum-users.nse
  C:\Users\rajit\Source\Repos\nmap\mswin32\..\scripts\smtp-ntlm-info.nse
  C:\Users\rajit\Source\Repos\nmap\mswin32\..\scripts\smtp-open-relay.nse
  C:\Users\rajit\Source\Repos\nmap\mswin32\..\scripts\smtp-strangeport.nse
  C:\Users\rajit\Source\Repos\nmap\mswin32\..\scripts\smtp-vuln-cve2010-4344.nse
  C:\Users\rajit\Source\Repos\nmap\mswin32\..\scripts\smtp-vuln-cve2011-1720.nse
  C:\Users\rajit\Source\Repos\nmap\mswin32\..\scripts\smtp-vuln-cve2011-1764.nse
  C:\Users\rajit\Source\Repos\nmap\mswin32\..\scripts\sniffer-detect.nse
  C:\Users\rajit\Source\Repos\nmap\mswin32\..\scripts\snmp-brute.nse
  C:\Users\rajit\Source\Repos\nmap\mswin32\..\scripts\snmp-hh3c-logins.nse
  C:\Users\rajit\Source\Repos\nmap\mswin32\..\scripts\snmp-info.nse
  C:\Users\rajit\Source\Repos\nmap\mswin32\..\scripts\snmp-interfaces.nse
  C:\Users\rajit\Source\Repos\nmap\mswin32\..\scripts\snmp-ios-config.nse
  C:\Users\rajit\Source\Repos\nmap\mswin32\..\scripts\snmp-netstat.nse
  C:\Users\rajit\Source\Repos\nmap\mswin32\..\scripts\snmp-processes.nse
  C:\Users\rajit\Source\Repos\nmap\mswin32\..\scripts\snmp-sysdescr.nse
  C:\Users\rajit\Source\Repos\nmap\mswin32\..\scripts\snmp-win32-services.nse
  C:\Users\rajit\Source\Repos\nmap\mswin32\..\scripts\snmp-win32-shares.nse
  C:\Users\rajit\Source\Repos\nmap\mswin32\..\scripts\snmp-win32-software.nse
  C:\Users\rajit\Source\Repos\nmap\mswin32\..\scripts\snmp-win32-users.nse
  C:\Users\rajit\Source\Repos\nmap\mswin32\..\scripts\socks-auth-info.nse
  C:\Users\rajit\Source\Repos\nmap\mswin32\..\scripts\socks-brute.nse
  C:\Users\rajit\Source\Repos\nmap\mswin32\..\scripts\socks-open-proxy.nse
  C:\Users\rajit\Source\Repos\nmap\mswin32\..\scripts\ssh-hostkey.nse
  C:\Users\rajit\Source\Repos\nmap\mswin32\..\scripts\ssh2-enum-algos.nse
  C:\Users\rajit\Source\Repos\nmap\mswin32\..\scripts\sshv1.nse
  C:\Users\rajit\Source\Repos\nmap\mswin32\..\scripts\ssl-ccs-injection.nse
  C:\Users\rajit\Source\Repos\nmap\mswin32\..\scripts\ssl-cert.nse
  C:\Users\rajit\Source\Repos\nmap\mswin32\..\scripts\ssl-date.nse
  C:\Users\rajit\Source\Repos\nmap\mswin32\..\scripts\ssl-dh-params.nse
  C:\Users\rajit\Source\Repos\nmap\mswin32\..\scripts\ssl-enum-ciphers.nse
  C:\Users\rajit\Source\Repos\nmap\mswin32\..\scripts\ssl-google-cert-catalog.nse
  C:\Users\rajit\Source\Repos\nmap\mswin32\..\scripts\ssl-heartbleed.nse
  C:\Users\rajit\Source\Repos\nmap\mswin32\..\scripts\ssl-known-key.nse
  C:\Users\rajit\Source\Repos\nmap\mswin32\..\scripts\ssl-poodle.nse
  C:\Users\rajit\Source\Repos\nmap\mswin32\..\scripts\sslv2.nse
  C:\Users\rajit\Source\Repos\nmap\mswin32\..\scripts\sstp-discover.nse
  C:\Users\rajit\Source\Repos\nmap\mswin32\..\scripts\stun-info.nse
  C:\Users\rajit\Source\Repos\nmap\mswin32\..\scripts\stun-version.nse
  C:\Users\rajit\Source\Repos\nmap\mswin32\..\scripts\stuxnet-detect.nse
  C:\Users\rajit\Source\Repos\nmap\mswin32\..\scripts\supermicro-ipmi-conf.nse
  C:\Users\rajit\Source\Repos\nmap\mswin32\..\scripts\svn-brute.nse
  C:\Users\rajit\Source\Repos\nmap\mswin32\..\scripts\targets-asn.nse
  C:\Users\rajit\Source\Repos\nmap\mswin32\..\scripts\targets-ipv6-map4to6.nse
  C:\Users\rajit\Source\Repos\nmap\mswin32\..\scripts\targets-ipv6-multicast-echo.nse
  C:\Users\rajit\Source\Repos\nmap\mswin32\..\scripts\targets-ipv6-multicast-invalid-dst.nse
  C:\Users\rajit\Source\Repos\nmap\mswin32\..\scripts\targets-ipv6-multicast-mld.nse
  C:\Users\rajit\Source\Repos\nmap\mswin32\..\scripts\targets-ipv6-multicast-slaac.nse
  C:\Users\rajit\Source\Repos\nmap\mswin32\..\scripts\targets-ipv6-wordlist.nse
  C:\Users\rajit\Source\Repos\nmap\mswin32\..\scripts\targets-sniffer.nse
  C:\Users\rajit\Source\Repos\nmap\mswin32\..\scripts\targets-traceroute.nse
  C:\Users\rajit\Source\Repos\nmap\mswin32\..\scripts\targets-xml.nse
  C:\Users\rajit\Source\Repos\nmap\mswin32\..\scripts\teamspeak2-version.nse
  C:\Users\rajit\Source\Repos\nmap\mswin32\..\scripts\telnet-brute.nse
  C:\Users\rajit\Source\Repos\nmap\mswin32\..\scripts\telnet-encryption.nse
  C:\Users\rajit\Source\Repos\nmap\mswin32\..\scripts\telnet-ntlm-info.nse
  C:\Users\rajit\Source\Repos\nmap\mswin32\..\scripts\tftp-enum.nse
  C:\Users\rajit\Source\Repos\nmap\mswin32\..\scripts\tls-nextprotoneg.nse
  C:\Users\rajit\Source\Repos\nmap\mswin32\..\scripts\tor-consensus-checker.nse
  C:\Users\rajit\Source\Repos\nmap\mswin32\..\scripts\traceroute-geolocation.nse
  C:\Users\rajit\Source\Repos\nmap\mswin32\..\scripts\unittest.nse
  C:\Users\rajit\Source\Repos\nmap\mswin32\..\scripts\unusual-port.nse
  C:\Users\rajit\Source\Repos\nmap\mswin32\..\scripts\upnp-info.nse
  C:\Users\rajit\Source\Repos\nmap\mswin32\..\scripts\url-snarf.nse
  C:\Users\rajit\Source\Repos\nmap\mswin32\..\scripts\ventrilo-info.nse
  C:\Users\rajit\Source\Repos\nmap\mswin32\..\scripts\versant-info.nse
  C:\Users\rajit\Source\Repos\nmap\mswin32\..\scripts\vmauthd-brute.nse
  C:\Users\rajit\Source\Repos\nmap\mswin32\..\scripts\vnc-brute.nse
  C:\Users\rajit\Source\Repos\nmap\mswin32\..\scripts\vnc-info.nse
  C:\Users\rajit\Source\Repos\nmap\mswin32\..\scripts\vnc-title.nse
  C:\Users\rajit\Source\Repos\nmap\mswin32\..\scripts\voldemort-info.nse
  C:\Users\rajit\Source\Repos\nmap\mswin32\..\scripts\vuze-dht-info.nse
  C:\Users\rajit\Source\Repos\nmap\mswin32\..\scripts\wdb-version.nse
  C:\Users\rajit\Source\Repos\nmap\mswin32\..\scripts\weblogic-t3-info.nse
  C:\Users\rajit\Source\Repos\nmap\mswin32\..\scripts\whois-domain.nse
  C:\Users\rajit\Source\Repos\nmap\mswin32\..\scripts\whois-ip.nse
  C:\Users\rajit\Source\Repos\nmap\mswin32\..\scripts\wsdd-discover.nse
  C:\Users\rajit\Source\Repos\nmap\mswin32\..\scripts\x11-access.nse
  C:\Users\rajit\Source\Repos\nmap\mswin32\..\scripts\xdmcp-discover.nse
  C:\Users\rajit\Source\Repos\nmap\mswin32\..\scripts\xmlrpc-methods.nse
  C:\Users\rajit\Source\Repos\nmap\mswin32\..\scripts\xmpp-brute.nse
  C:\Users\rajit\Source\Repos\nmap\mswin32\..\scripts\xmpp-info.nse
  532 File(s) copied
  C:\Users\rajit\Source\Repos\nmap\mswin32\..\nselib\afp.lua
  C:\Users\rajit\Source\Repos\nmap\mswin32\..\nselib\ajp.lua
  C:\Users\rajit\Source\Repos\nmap\mswin32\..\nselib\amqp.lua
  C:\Users\rajit\Source\Repos\nmap\mswin32\..\nselib\anyconnect.lua
  C:\Users\rajit\Source\Repos\nmap\mswin32\..\nselib\asn1.lua
  C:\Users\rajit\Source\Repos\nmap\mswin32\..\nselib\base32.lua
  C:\Users\rajit\Source\Repos\nmap\mswin32\..\nselib\base64.lua
  C:\Users\rajit\Source\Repos\nmap\mswin32\..\nselib\bin.luadoc
  C:\Users\rajit\Source\Repos\nmap\mswin32\..\nselib\bit.luadoc
  C:\Users\rajit\Source\Repos\nmap\mswin32\..\nselib\bitcoin.lua
  C:\Users\rajit\Source\Repos\nmap\mswin32\..\nselib\bittorrent.lua
  C:\Users\rajit\Source\Repos\nmap\mswin32\..\nselib\bjnp.lua
  C:\Users\rajit\Source\Repos\nmap\mswin32\..\nselib\brute.lua
  C:\Users\rajit\Source\Repos\nmap\mswin32\..\nselib\cassandra.lua
  C:\Users\rajit\Source\Repos\nmap\mswin32\..\nselib\citrixxml.lua
  C:\Users\rajit\Source\Repos\nmap\mswin32\..\nselib\comm.lua
  C:\Users\rajit\Source\Repos\nmap\mswin32\..\nselib\creds.lua
  C:\Users\rajit\Source\Repos\nmap\mswin32\..\nselib\cvs.lua
  C:\Users\rajit\Source\Repos\nmap\mswin32\..\nselib\datafiles.lua
  C:\Users\rajit\Source\Repos\nmap\mswin32\..\nselib\dhcp.lua
  C:\Users\rajit\Source\Repos\nmap\mswin32\..\nselib\dhcp6.lua
  C:\Users\rajit\Source\Repos\nmap\mswin32\..\nselib\dns.lua
  C:\Users\rajit\Source\Repos\nmap\mswin32\..\nselib\dnsbl.lua
  C:\Users\rajit\Source\Repos\nmap\mswin32\..\nselib\dnssd.lua
  C:\Users\rajit\Source\Repos\nmap\mswin32\..\nselib\drda.lua
  C:\Users\rajit\Source\Repos\nmap\mswin32\..\nselib\eap.lua
  C:\Users\rajit\Source\Repos\nmap\mswin32\..\nselib\eigrp.lua
  C:\Users\rajit\Source\Repos\nmap\mswin32\..\nselib\formulas.lua
  C:\Users\rajit\Source\Repos\nmap\mswin32\..\nselib\ftp.lua
  C:\Users\rajit\Source\Repos\nmap\mswin32\..\nselib\giop.lua
  C:\Users\rajit\Source\Repos\nmap\mswin32\..\nselib\gps.lua
  C:\Users\rajit\Source\Repos\nmap\mswin32\..\nselib\http.lua
  C:\Users\rajit\Source\Repos\nmap\mswin32\..\nselib\httpspider.lua
  C:\Users\rajit\Source\Repos\nmap\mswin32\..\nselib\iax2.lua
  C:\Users\rajit\Source\Repos\nmap\mswin32\..\nselib\ike.lua
  C:\Users\rajit\Source\Repos\nmap\mswin32\..\nselib\imap.lua
  C:\Users\rajit\Source\Repos\nmap\mswin32\..\nselib\informix.lua
  C:\Users\rajit\Source\Repos\nmap\mswin32\..\nselib\ipOps.lua
  C:\Users\rajit\Source\Repos\nmap\mswin32\..\nselib\ipp.lua
  C:\Users\rajit\Source\Repos\nmap\mswin32\..\nselib\iscsi.lua
  C:\Users\rajit\Source\Repos\nmap\mswin32\..\nselib\isns.lua
  C:\Users\rajit\Source\Repos\nmap\mswin32\..\nselib\jdwp.lua
  C:\Users\rajit\Source\Repos\nmap\mswin32\..\nselib\json.lua
  C:\Users\rajit\Source\Repos\nmap\mswin32\..\nselib\ldap.lua
  C:\Users\rajit\Source\Repos\nmap\mswin32\..\nselib\lfs.luadoc
  C:\Users\rajit\Source\Repos\nmap\mswin32\..\nselib\listop.lua
  C:\Users\rajit\Source\Repos\nmap\mswin32\..\nselib\lpeg-utility.lua
  C:\Users\rajit\Source\Repos\nmap\mswin32\..\nselib\lpeg.luadoc
  C:\Users\rajit\Source\Repos\nmap\mswin32\..\nselib\ls.lua
  C:\Users\rajit\Source\Repos\nmap\mswin32\..\nselib\match.lua
  C:\Users\rajit\Source\Repos\nmap\mswin32\..\nselib\membase.lua
  C:\Users\rajit\Source\Repos\nmap\mswin32\..\nselib\mobileme.lua
  C:\Users\rajit\Source\Repos\nmap\mswin32\..\nselib\mongodb.lua
  C:\Users\rajit\Source\Repos\nmap\mswin32\..\nselib\msrpc.lua
  C:\Users\rajit\Source\Repos\nmap\mswin32\..\nselib\msrpcperformance.lua
  C:\Users\rajit\Source\Repos\nmap\mswin32\..\nselib\msrpctypes.lua
  C:\Users\rajit\Source\Repos\nmap\mswin32\..\nselib\mssql.lua
  C:\Users\rajit\Source\Repos\nmap\mswin32\..\nselib\multicast.lua
  C:\Users\rajit\Source\Repos\nmap\mswin32\..\nselib\mysql.lua
  C:\Users\rajit\Source\Repos\nmap\mswin32\..\nselib\natpmp.lua
  C:\Users\rajit\Source\Repos\nmap\mswin32\..\nselib\ncp.lua
  C:\Users\rajit\Source\Repos\nmap\mswin32\..\nselib\ndmp.lua
  C:\Users\rajit\Source\Repos\nmap\mswin32\..\nselib\netbios.lua
  C:\Users\rajit\Source\Repos\nmap\mswin32\..\nselib\nmap.luadoc
  C:\Users\rajit\Source\Repos\nmap\mswin32\..\nselib\nrpc.lua
  C:\Users\rajit\Source\Repos\nmap\mswin32\..\nselib\nsedebug.lua
  C:\Users\rajit\Source\Repos\nmap\mswin32\..\nselib\omp2.lua
  C:\Users\rajit\Source\Repos\nmap\mswin32\..\nselib\openssl.luadoc
  C:\Users\rajit\Source\Repos\nmap\mswin32\..\nselib\ospf.lua
  C:\Users\rajit\Source\Repos\nmap\mswin32\..\nselib\packet.lua
  C:\Users\rajit\Source\Repos\nmap\mswin32\..\nselib\pcre.luadoc
  C:\Users\rajit\Source\Repos\nmap\mswin32\..\nselib\pgsql.lua
  C:\Users\rajit\Source\Repos\nmap\mswin32\..\nselib\pop3.lua
  C:\Users\rajit\Source\Repos\nmap\mswin32\..\nselib\pppoe.lua
  C:\Users\rajit\Source\Repos\nmap\mswin32\..\nselib\proxy.lua
  C:\Users\rajit\Source\Repos\nmap\mswin32\..\nselib\rdp.lua
  C:\Users\rajit\Source\Repos\nmap\mswin32\..\nselib\re.lua
  C:\Users\rajit\Source\Repos\nmap\mswin32\..\nselib\redis.lua
  C:\Users\rajit\Source\Repos\nmap\mswin32\..\nselib\rmi.lua
  C:\Users\rajit\Source\Repos\nmap\mswin32\..\nselib\rpc.lua
  C:\Users\rajit\Source\Repos\nmap\mswin32\..\nselib\rpcap.lua
  C:\Users\rajit\Source\Repos\nmap\mswin32\..\nselib\rsync.lua
  C:\Users\rajit\Source\Repos\nmap\mswin32\..\nselib\rtsp.lua
  C:\Users\rajit\Source\Repos\nmap\mswin32\..\nselib\sasl.lua
  C:\Users\rajit\Source\Repos\nmap\mswin32\..\nselib\shortport.lua
  C:\Users\rajit\Source\Repos\nmap\mswin32\..\nselib\sip.lua
  C:\Users\rajit\Source\Repos\nmap\mswin32\..\nselib\slaxml.lua
  C:\Users\rajit\Source\Repos\nmap\mswin32\..\nselib\smb.lua
  C:\Users\rajit\Source\Repos\nmap\mswin32\..\nselib\smbauth.lua
  C:\Users\rajit\Source\Repos\nmap\mswin32\..\nselib\smtp.lua
  C:\Users\rajit\Source\Repos\nmap\mswin32\..\nselib\snmp.lua
  C:\Users\rajit\Source\Repos\nmap\mswin32\..\nselib\socks.lua
  C:\Users\rajit\Source\Repos\nmap\mswin32\..\nselib\srvloc.lua
  C:\Users\rajit\Source\Repos\nmap\mswin32\..\nselib\ssh1.lua
  C:\Users\rajit\Source\Repos\nmap\mswin32\..\nselib\ssh2.lua
  C:\Users\rajit\Source\Repos\nmap\mswin32\..\nselib\sslcert.lua
  C:\Users\rajit\Source\Repos\nmap\mswin32\..\nselib\stdnse.lua
  C:\Users\rajit\Source\Repos\nmap\mswin32\..\nselib\strbuf.lua
  C:\Users\rajit\Source\Repos\nmap\mswin32\..\nselib\strict.lua
  C:\Users\rajit\Source\Repos\nmap\mswin32\..\nselib\stun.lua
  C:\Users\rajit\Source\Repos\nmap\mswin32\..\nselib\tab.lua
  C:\Users\rajit\Source\Repos\nmap\mswin32\..\nselib\target.lua
  C:\Users\rajit\Source\Repos\nmap\mswin32\..\nselib\tftp.lua
  C:\Users\rajit\Source\Repos\nmap\mswin32\..\nselib\tls.lua
  C:\Users\rajit\Source\Repos\nmap\mswin32\..\nselib\tns.lua
  C:\Users\rajit\Source\Repos\nmap\mswin32\..\nselib\unicode.lua
  C:\Users\rajit\Source\Repos\nmap\mswin32\..\nselib\unittest.lua
  C:\Users\rajit\Source\Repos\nmap\mswin32\..\nselib\unpwdb.lua
  C:\Users\rajit\Source\Repos\nmap\mswin32\..\nselib\upnp.lua
  C:\Users\rajit\Source\Repos\nmap\mswin32\..\nselib\url.lua
  C:\Users\rajit\Source\Repos\nmap\mswin32\..\nselib\versant.lua
  C:\Users\rajit\Source\Repos\nmap\mswin32\..\nselib\vnc.lua
  C:\Users\rajit\Source\Repos\nmap\mswin32\..\nselib\vulns.lua
  C:\Users\rajit\Source\Repos\nmap\mswin32\..\nselib\vuzedht.lua
  C:\Users\rajit\Source\Repos\nmap\mswin32\..\nselib\wsdd.lua
  C:\Users\rajit\Source\Repos\nmap\mswin32\..\nselib\xdmcp.lua
  C:\Users\rajit\Source\Repos\nmap\mswin32\..\nselib\xmpp.lua
  117 File(s) copied
  C:\Users\rajit\Source\Repos\nmap\mswin32\..\nselib\data\dns-srv-names
  C:\Users\rajit\Source\Repos\nmap\mswin32\..\nselib\data\drupal-modules.lst
  C:\Users\rajit\Source\Repos\nmap\mswin32\..\nselib\data\drupal-themes.lst
  C:\Users\rajit\Source\Repos\nmap\mswin32\..\nselib\data\enterprise_numbers.txt
  C:\Users\rajit\Source\Repos\nmap\mswin32\..\nselib\data\favicon-db
  C:\Users\rajit\Source\Repos\nmap\mswin32\..\nselib\data\http-default-accounts-fingerprints.lua
  C:\Users\rajit\Source\Repos\nmap\mswin32\..\nselib\data\http-devframework-fingerprints.lua
  C:\Users\rajit\Source\Repos\nmap\mswin32\..\nselib\data\http-fingerprints.lua
  C:\Users\rajit\Source\Repos\nmap\mswin32\..\nselib\data\http-folders.txt
  C:\Users\rajit\Source\Repos\nmap\mswin32\..\nselib\data\http-sql-errors.lst
  C:\Users\rajit\Source\Repos\nmap\mswin32\..\nselib\data\http-web-files-extensions.lst
  C:\Users\rajit\Source\Repos\nmap\mswin32\..\nselib\data\ike-fingerprints.lua
  C:\Users\rajit\Source\Repos\nmap\mswin32\..\nselib\data\mgroupnames.db
  C:\Users\rajit\Source\Repos\nmap\mswin32\..\nselib\data\mysql-cis.audit
  C:\Users\rajit\Source\Repos\nmap\mswin32\..\nselib\data\oracle-default-accounts.lst
  C:\Users\rajit\Source\Repos\nmap\mswin32\..\nselib\data\oracle-sids
  C:\Users\rajit\Source\Repos\nmap\mswin32\..\nselib\data\packetdecoders.lua
  C:\Users\rajit\Source\Repos\nmap\mswin32\..\nselib\data\passwords.lst
  C:\Users\rajit\Source\Repos\nmap\mswin32\..\nselib\data\pixel.gif
  C:\Users\rajit\Source\Repos\nmap\mswin32\..\nselib\data\rtsp-urls.txt
  C:\Users\rajit\Source\Repos\nmap\mswin32\..\nselib\data\snmpcommunities.lst
  C:\Users\rajit\Source\Repos\nmap\mswin32\..\nselib\data\ssl-fingerprints
  C:\Users\rajit\Source\Repos\nmap\mswin32\..\nselib\data\targets-ipv6-wordlist
  C:\Users\rajit\Source\Repos\nmap\mswin32\..\nselib\data\tftplist.txt
  C:\Users\rajit\Source\Repos\nmap\mswin32\..\nselib\data\usernames.lst
  C:\Users\rajit\Source\Repos\nmap\mswin32\..\nselib\data\vhosts-default.lst
  C:\Users\rajit\Source\Repos\nmap\mswin32\..\nselib\data\vhosts-full.lst
  C:\Users\rajit\Source\Repos\nmap\mswin32\..\nselib\data\wp-plugins.lst
  C:\Users\rajit\Source\Repos\nmap\mswin32\..\nselib\data\wp-themes.lst
  C:\Users\rajit\Source\Repos\nmap\mswin32\..\nselib\data\jdwp-class\JDWPExecCmd.class
  C:\Users\rajit\Source\Repos\nmap\mswin32\..\nselib\data\jdwp-class\JDWPExecCmd.java
  C:\Users\rajit\Source\Repos\nmap\mswin32\..\nselib\data\jdwp-class\JDWPSystemInfo.class
  C:\Users\rajit\Source\Repos\nmap\mswin32\..\nselib\data\jdwp-class\JDWPSystemInfo.java
  C:\Users\rajit\Source\Repos\nmap\mswin32\..\nselib\data\jdwp-class\README.txt
  C:\Users\rajit\Source\Repos\nmap\mswin32\..\nselib\data\psexec\backdoor.lua
  C:\Users\rajit\Source\Repos\nmap\mswin32\..\nselib\data\psexec\default.lua
  C:\Users\rajit\Source\Repos\nmap\mswin32\..\nselib\data\psexec\drives.lua
  C:\Users\rajit\Source\Repos\nmap\mswin32\..\nselib\data\psexec\examples.lua
  C:\Users\rajit\Source\Repos\nmap\mswin32\..\nselib\data\psexec\experimental.lua
  C:\Users\rajit\Source\Repos\nmap\mswin32\..\nselib\data\psexec\network.lua
  C:\Users\rajit\Source\Repos\nmap\mswin32\..\nselib\data\psexec\nmap_service.c
  C:\Users\rajit\Source\Repos\nmap\mswin32\..\nselib\data\psexec\nmap_service.vcproj
  C:\Users\rajit\Source\Repos\nmap\mswin32\..\nselib\data\psexec\pwdump.lua
  C:\Users\rajit\Source\Repos\nmap\mswin32\..\nselib\data\psexec\README
  44 File(s) copied
  C:\Users\rajit\Source\Repos\nmap\mswin32\\..\..\nmap-mswin32-aux\OpenSSL\bin\libeay32.dll
  C:\Users\rajit\Source\Repos\nmap\mswin32\\..\..\nmap-mswin32-aux\OpenSSL\bin\ssleay32.dll
  2 File(s) copied
  C:\Users\rajit\Source\Repos\nmap\mswin32\..\nse_main.lua
  1 File(s) copied
