c:\users\rajit\source\repos\nmap\mswin32\debug\vc140.pdb
c:\users\rajit\source\repos\nmap\mswin32\debug\vc140.idb
c:\users\rajit\source\repos\nmap\mswin32\debug\nse_main.obj
c:\users\rajit\source\repos\nmap\mswin32\debug\nse_lpeg.obj
c:\users\rajit\source\repos\nmap\mswin32\debug\nse_fs.obj
c:\users\rajit\source\repos\nmap\mswin32\debug\nse_debug.obj
c:\users\rajit\source\repos\nmap\mswin32\debug\nse_bit.obj
c:\users\rajit\source\repos\nmap\mswin32\debug\nse_binlib.obj
c:\users\rajit\source\repos\nmap\mswin32\debug\nmapoutputtable.obj
c:\users\rajit\source\repos\nmap\mswin32\debug\nmapops.obj
c:\users\rajit\source\repos\nmap\mswin32\debug\nmap_tty.obj
c:\users\rajit\source\repos\nmap\mswin32\debug\nmap_ftp.obj
c:\users\rajit\source\repos\nmap\mswin32\debug\nmap_error.obj
c:\users\rajit\source\repos\nmap\mswin32\debug\nmap_dns.obj
c:\users\rajit\source\repos\nmap\mswin32\debug\nmap.obj
c:\users\rajit\source\repos\nmap\mswin32\debug\main.obj
c:\users\rajit\source\repos\nmap\mswin32\debug\maclookup.obj
c:\users\rajit\source\repos\nmap\mswin32\debug\idle_scan.obj
c:\users\rajit\source\repos\nmap\mswin32\debug\fpmodel.obj
c:\users\rajit\source\repos\nmap\mswin32\debug\fpengine.obj
c:\users\rajit\source\repos\nmap\mswin32\debug\fingerprintresults.obj
c:\users\rajit\source\repos\nmap\mswin32\debug\charpool.obj
c:\users\rajit\source\repos\nmap\mswin32\debug\target.obj
c:\users\rajit\source\repos\nmap\mswin32\debug\services.obj
c:\users\rajit\source\repos\nmap\mswin32\debug\service_scan.obj
c:\users\rajit\source\repos\nmap\mswin32\debug\scan_engine_raw.obj
c:\users\rajit\source\repos\nmap\mswin32\debug\scan_engine_connect.obj
c:\users\rajit\source\repos\nmap\mswin32\debug\scan_engine.obj
c:\users\rajit\source\repos\nmap\mswin32\debug\protocols.obj
c:\users\rajit\source\repos\nmap\mswin32\debug\portreasons.obj
c:\users\rajit\source\repos\nmap\mswin32\debug\portlist.obj
c:\users\rajit\source\repos\nmap\mswin32\debug\payload.obj
c:\users\rajit\source\repos\nmap\mswin32\debug\output.obj
c:\users\rajit\source\repos\nmap\mswin32\debug\osscan2.obj
c:\users\rajit\source\repos\nmap\mswin32\debug\osscan.obj
c:\users\rajit\source\repos\nmap\mswin32\debug\nse_ssl_cert.obj
c:\users\rajit\source\repos\nmap\mswin32\debug\nse_pcrelib.obj
c:\users\rajit\source\repos\nmap\mswin32\debug\nse_openssl.obj
c:\users\rajit\source\repos\nmap\mswin32\debug\nse_dnet.obj
c:\users\rajit\source\repos\nmap\mswin32\debug\nse_nsock.obj
c:\users\rajit\source\repos\nmap\mswin32\debug\nse_nmaplib.obj
c:\users\rajit\source\repos\nmap\mswin32\debug\nse_utility.obj
c:\users\rajit\source\repos\nmap\mswin32\debug\winfix.obj
c:\users\rajit\source\repos\nmap\mswin32\debug\xml.obj
c:\users\rajit\source\repos\nmap\mswin32\debug\utils.obj
c:\users\rajit\source\repos\nmap\mswin32\debug\traceroute.obj
c:\users\rajit\source\repos\nmap\mswin32\debug\timing.obj
c:\users\rajit\source\repos\nmap\mswin32\debug\tcpip.obj
c:\users\rajit\source\repos\nmap\mswin32\debug\targets.obj
c:\users\rajit\source\repos\nmap\mswin32\debug\targetgroup.obj
c:\users\rajit\source\repos\nmap\mswin32\debug\nmap-mac-prefixes
c:\users\rajit\source\repos\nmap\mswin32\debug\nmap-os-db
c:\users\rajit\source\repos\nmap\mswin32\debug\nmap-payloads
c:\users\rajit\source\repos\nmap\mswin32\debug\nmap-protocols
c:\users\rajit\source\repos\nmap\mswin32\debug\nmap-rpc
c:\users\rajit\source\repos\nmap\mswin32\debug\nmap-service-probes
c:\users\rajit\source\repos\nmap\mswin32\debug\nmap-services
c:\users\rajit\source\repos\nmap\mswin32\debug\nmap.xsl
c:\users\rajit\source\repos\nmap\mswin32\debug\nmap.ilk
c:\users\rajit\source\repos\nmap\mswin32\debug\nmap.exe
c:\users\rajit\source\repos\nmap\mswin32\debug\nmap.pdb
c:\users\rajit\source\repos\nmap\mswin32\debug\nmap.res
c:\users\rajit\source\repos\nmap\mswin32\.\debug\nmap.exe
c:\users\rajit\source\repos\nmap\mswin32\debug\nmap.tlog\cl.command.1.tlog
c:\users\rajit\source\repos\nmap\mswin32\debug\nmap.tlog\cl.read.1.tlog
c:\users\rajit\source\repos\nmap\mswin32\debug\nmap.tlog\cl.write.1.tlog
c:\users\rajit\source\repos\nmap\mswin32\debug\nmap.tlog\custombuild.command.1.tlog
c:\users\rajit\source\repos\nmap\mswin32\debug\nmap.tlog\custombuild.read.1.tlog
c:\users\rajit\source\repos\nmap\mswin32\debug\nmap.tlog\custombuild.write.1.tlog
c:\users\rajit\source\repos\nmap\mswin32\debug\nmap.tlog\link.command.1.tlog
c:\users\rajit\source\repos\nmap\mswin32\debug\nmap.tlog\link.read.1.tlog
c:\users\rajit\source\repos\nmap\mswin32\debug\nmap.tlog\link.write.1.tlog
c:\users\rajit\source\repos\nmap\mswin32\debug\nmap.tlog\rc.command.1.tlog
c:\users\rajit\source\repos\nmap\mswin32\debug\nmap.tlog\rc.read.1.tlog
c:\users\rajit\source\repos\nmap\mswin32\debug\nmap.tlog\rc.write.1.tlog
