c:\users\rajit\source\repos\nmap\ncat\debug\vc140.pdb
c:\users\rajit\source\repos\nmap\ncat\debug\vc140.idb
c:\users\rajit\source\repos\nmap\ncat\debug\util.obj
c:\users\rajit\source\repos\nmap\ncat\debug\sys_wrap.obj
c:\users\rajit\source\repos\nmap\ncat\debug\ncat_win.obj
c:\users\rajit\source\repos\nmap\ncat\debug\ncat_ssl.obj
c:\users\rajit\source\repos\nmap\ncat\debug\ncat_proxy.obj
c:\users\rajit\source\repos\nmap\ncat\debug\ncat_main.obj
c:\users\rajit\source\repos\nmap\ncat\debug\ncat_lua.obj
c:\users\rajit\source\repos\nmap\ncat\debug\ncat_listen.obj
c:\users\rajit\source\repos\nmap\ncat\debug\ncat_exec_win.obj
c:\users\rajit\source\repos\nmap\ncat\debug\ncat_core.obj
c:\users\rajit\source\repos\nmap\ncat\debug\ncat_connect.obj
c:\users\rajit\source\repos\nmap\ncat\debug\http_digest.obj
c:\users\rajit\source\repos\nmap\ncat\debug\http.obj
c:\users\rajit\source\repos\nmap\ncat\debug\base64.obj
c:\users\rajit\source\repos\nmap\ncat\debug\ca-bundle.crt
c:\users\rajit\source\repos\nmap\ncat\debug\ncat.tlog\cl.command.1.tlog
c:\users\rajit\source\repos\nmap\ncat\debug\ncat.tlog\cl.read.1.tlog
c:\users\rajit\source\repos\nmap\ncat\debug\ncat.tlog\cl.write.1.tlog
c:\users\rajit\source\repos\nmap\ncat\debug\ncat.tlog\custombuild.command.1.tlog
c:\users\rajit\source\repos\nmap\ncat\debug\ncat.tlog\custombuild.read.1.tlog
c:\users\rajit\source\repos\nmap\ncat\debug\ncat.tlog\custombuild.write.1.tlog
c:\users\rajit\source\repos\nmap\ncat\debug\ncat.tlog\link.command.1.tlog
c:\users\rajit\source\repos\nmap\ncat\debug\ncat.tlog\link.read.1.tlog
c:\users\rajit\source\repos\nmap\ncat\debug\ncat.tlog\link.write.1.tlog
