c:\users\rajit\source\repos\nmap\libdnet-stripped\debug\libdnet-stripped.pdb
c:\users\rajit\source\repos\nmap\libdnet-stripped\debug\libdnet-stripped.idb
c:\users\rajit\source\repos\nmap\libdnet-stripped\debug\addr-util.obj
c:\users\rajit\source\repos\nmap\libdnet-stripped\debug\addr.obj
c:\users\rajit\source\repos\nmap\libdnet-stripped\debug\arp-win32.obj
c:\users\rajit\source\repos\nmap\libdnet-stripped\debug\err.obj
c:\users\rajit\source\repos\nmap\libdnet-stripped\debug\eth-win32.obj
c:\users\rajit\source\repos\nmap\libdnet-stripped\debug\intf-win32.obj
c:\users\rajit\source\repos\nmap\libdnet-stripped\debug\ip-util.obj
c:\users\rajit\source\repos\nmap\libdnet-stripped\debug\ip-win32.obj
c:\users\rajit\source\repos\nmap\libdnet-stripped\debug\ip6.obj
c:\users\rajit\source\repos\nmap\libdnet-stripped\debug\route-win32.obj
c:\users\rajit\source\repos\nmap\libdnet-stripped\debug\strlcat.obj
c:\users\rajit\source\repos\nmap\libdnet-stripped\debug\strlcpy.obj
c:\users\rajit\source\repos\nmap\libdnet-stripped\debug\strsep.obj
c:\users\rajit\source\repos\nmap\libdnet-stripped\libdnet-stripped.lib
c:\users\rajit\source\repos\nmap\libdnet-stripped\debug\.\libdnet-stripped.pdb
c:\users\rajit\source\repos\nmap\libdnet-stripped\.\libdnet-stripped.lib
c:\users\rajit\source\repos\nmap\libdnet-stripped\debug\libdnet-stripped.tlog\cl.command.1.tlog
c:\users\rajit\source\repos\nmap\libdnet-stripped\debug\libdnet-stripped.tlog\cl.read.1.tlog
c:\users\rajit\source\repos\nmap\libdnet-stripped\debug\libdnet-stripped.tlog\cl.write.1.tlog
c:\users\rajit\source\repos\nmap\libdnet-stripped\debug\libdnet-stripped.tlog\lib-link.read.1.tlog
c:\users\rajit\source\repos\nmap\libdnet-stripped\debug\libdnet-stripped.tlog\lib-link.write.1.tlog
c:\users\rajit\source\repos\nmap\libdnet-stripped\debug\libdnet-stripped.tlog\lib.command.1.tlog
